{"/home/tamarazu/Documents/Hacktiv8/phase-3/week4/HQR/backend/app.js": {"path":"/home/tamarazu/Documents/Hacktiv8/phase-3/week4/HQR/backend/app.js","statementMap":{"0":{"start":{"line":1,"column":0},"end":{"line":1,"column":26}},"1":{"start":{"line":2,"column":13},"end":{"line":2,"column":28}},"2":{"start":{"line":3,"column":16},"end":{"line":3,"column":34}},"3":{"start":{"line":4,"column":15},"end":{"line":4,"column":34}},"4":{"start":{"line":5,"column":21},"end":{"line":5,"column":58}},"5":{"start":{"line":7,"column":12},"end":{"line":7,"column":21}},"6":{"start":{"line":9,"column":0},"end":{"line":9,"column":49}},"7":{"start":{"line":10,"column":0},"end":{"line":10,"column":24}},"8":{"start":{"line":11,"column":0},"end":{"line":11,"column":16}},"9":{"start":{"line":13,"column":0},"end":{"line":13,"column":15}},"10":{"start":{"line":14,"column":0},"end":{"line":14,"column":21}},"11":{"start":{"line":17,"column":0},"end":{"line":17,"column":20}}},"fnMap":{},"branchMap":{},"s":{"0":2,"1":2,"2":2,"3":2,"4":2,"5":2,"6":2,"7":2,"8":2,"9":2,"10":2,"11":2},"f":{},"b":{},"_coverageSchema":"1a1c01bbd47fc00a2c39e90264f33305004495a9","hash":"641d14968c68331ad0ac0774b76091330b4a8e44"}
,"/home/tamarazu/Documents/Hacktiv8/phase-3/week4/HQR/backend/controllers/AdminController.js": {"path":"/home/tamarazu/Documents/Hacktiv8/phase-3/week4/HQR/backend/controllers/AdminController.js","statementMap":{"0":{"start":{"line":1,"column":30},"end":{"line":1,"column":50}},"1":{"start":{"line":2,"column":42},"end":{"line":2,"column":70}},"2":{"start":{"line":3,"column":21},"end":{"line":3,"column":46}},"3":{"start":{"line":4,"column":15},"end":{"line":4,"column":35}},"4":{"start":{"line":5,"column":11},"end":{"line":5,"column":24}},"5":{"start":{"line":6,"column":15},"end":{"line":6,"column":32}},"6":{"start":{"line":9,"column":32},"end":{"line":9,"column":40}},"7":{"start":{"line":10,"column":4},"end":{"line":51,"column":6}},"8":{"start":{"line":16,"column":6},"end":{"line":47,"column":7}},"9":{"start":{"line":17,"column":8},"end":{"line":41,"column":11}},"10":{"start":{"line":18,"column":14},"end":{"line":35,"column":15}},"11":{"start":{"line":19,"column":30},"end":{"line":24,"column":17}},"12":{"start":{"line":25,"column":28},"end":{"line":25,"column":45}},"13":{"start":{"line":26,"column":16},"end":{"line":29,"column":18}},"14":{"start":{"line":31,"column":16},"end":{"line":34,"column":16}},"15":{"start":{"line":37,"column":14},"end":{"line":40,"column":16}},"16":{"start":{"line":43,"column":10},"end":{"line":46,"column":12}},"17":{"start":{"line":50,"column":6},"end":{"line":50,"column":15}},"18":{"start":{"line":55,"column":4},"end":{"line":61,"column":18}},"19":{"start":{"line":59,"column":8},"end":{"line":59,"column":38}},"20":{"start":{"line":66,"column":121},"end":{"line":66,"column":129}},"21":{"start":{"line":67,"column":25},"end":{"line":67,"column":44}},"22":{"start":{"line":68,"column":4},"end":{"line":78,"column":18}},"23":{"start":{"line":72,"column":24},"end":{"line":75,"column":9}},"24":{"start":{"line":76,"column":8},"end":{"line":76,"column":37}},"25":{"start":{"line":82,"column":121},"end":{"line":82,"column":129}},"26":{"start":{"line":83,"column":4},"end":{"line":114,"column":8}},"27":{"start":{"line":89,"column":8},"end":{"line":107,"column":9}},"28":{"start":{"line":90,"column":10},"end":{"line":101,"column":12}},"29":{"start":{"line":100,"column":12},"end":{"line":100,"column":48}},"30":{"start":{"line":103,"column":10},"end":{"line":106,"column":12}},"31":{"start":{"line":110,"column":8},"end":{"line":113,"column":10}},"32":{"start":{"line":119,"column":4},"end":{"line":140,"column":18}},"33":{"start":{"line":125,"column":8},"end":{"line":138,"column":9}},"34":{"start":{"line":126,"column":10},"end":{"line":126,"column":28}},"35":{"start":{"line":127,"column":10},"end":{"line":135,"column":12}},"36":{"start":{"line":133,"column":12},"end":{"line":133,"column":41}},"37":{"start":{"line":137,"column":10},"end":{"line":137,"column":63}},"38":{"start":{"line":144,"column":20},"end":{"line":146,"column":5}},"39":{"start":{"line":147,"column":18},"end":{"line":147,"column":35}},"40":{"start":{"line":148,"column":4},"end":{"line":148,"column":33}},"41":{"start":{"line":152,"column":34},"end":{"line":152,"column":43}},"42":{"start":{"line":153,"column":4},"end":{"line":183,"column":8}},"43":{"start":{"line":168,"column":24},"end":{"line":168,"column":26}},"44":{"start":{"line":169,"column":8},"end":{"line":181,"column":10}},"45":{"start":{"line":182,"column":8},"end":{"line":182,"column":37}},"46":{"start":{"line":192,"column":0},"end":{"line":192,"column":32}}},"fnMap":{"0":{"name":"(anonymous_0)","decl":{"start":{"line":8,"column":2},"end":{"line":8,"column":3}},"loc":{"start":{"line":8,"column":31},"end":{"line":52,"column":3}},"line":8},"1":{"name":"(anonymous_1)","decl":{"start":{"line":15,"column":10},"end":{"line":15,"column":11}},"loc":{"start":{"line":15,"column":22},"end":{"line":48,"column":5}},"line":15},"2":{"name":"(anonymous_2)","decl":{"start":{"line":49,"column":11},"end":{"line":49,"column":12}},"loc":{"start":{"line":49,"column":18},"end":{"line":51,"column":5}},"line":49},"3":{"name":"(anonymous_3)","decl":{"start":{"line":54,"column":2},"end":{"line":54,"column":3}},"loc":{"start":{"line":54,"column":33},"end":{"line":62,"column":3}},"line":54},"4":{"name":"(anonymous_4)","decl":{"start":{"line":58,"column":12},"end":{"line":58,"column":13}},"loc":{"start":{"line":58,"column":24},"end":{"line":60,"column":7}},"line":58},"5":{"name":"(anonymous_5)","decl":{"start":{"line":65,"column":2},"end":{"line":65,"column":3}},"loc":{"start":{"line":65,"column":37},"end":{"line":79,"column":3}},"line":65},"6":{"name":"(anonymous_6)","decl":{"start":{"line":71,"column":12},"end":{"line":71,"column":13}},"loc":{"start":{"line":71,"column":24},"end":{"line":77,"column":7}},"line":71},"7":{"name":"(anonymous_7)","decl":{"start":{"line":81,"column":2},"end":{"line":81,"column":3}},"loc":{"start":{"line":81,"column":40},"end":{"line":115,"column":3}},"line":81},"8":{"name":"(anonymous_8)","decl":{"start":{"line":88,"column":12},"end":{"line":88,"column":13}},"loc":{"start":{"line":88,"column":24},"end":{"line":108,"column":7}},"line":88},"9":{"name":"(anonymous_9)","decl":{"start":{"line":99,"column":16},"end":{"line":99,"column":17}},"loc":{"start":{"line":99,"column":28},"end":{"line":101,"column":11}},"line":99},"10":{"name":"(anonymous_10)","decl":{"start":{"line":109,"column":13},"end":{"line":109,"column":14}},"loc":{"start":{"line":109,"column":20},"end":{"line":114,"column":7}},"line":109},"11":{"name":"(anonymous_11)","decl":{"start":{"line":117,"column":2},"end":{"line":117,"column":3}},"loc":{"start":{"line":117,"column":40},"end":{"line":141,"column":3}},"line":117},"12":{"name":"(anonymous_12)","decl":{"start":{"line":124,"column":12},"end":{"line":124,"column":13}},"loc":{"start":{"line":124,"column":24},"end":{"line":139,"column":7}},"line":124},"13":{"name":"(anonymous_13)","decl":{"start":{"line":132,"column":16},"end":{"line":132,"column":17}},"loc":{"start":{"line":132,"column":28},"end":{"line":135,"column":11}},"line":132},"14":{"name":"(anonymous_14)","decl":{"start":{"line":143,"column":2},"end":{"line":143,"column":3}},"loc":{"start":{"line":143,"column":36},"end":{"line":149,"column":3}},"line":143},"15":{"name":"(anonymous_15)","decl":{"start":{"line":151,"column":2},"end":{"line":151,"column":3}},"loc":{"start":{"line":151,"column":45},"end":{"line":184,"column":3}},"line":151},"16":{"name":"(anonymous_16)","decl":{"start":{"line":167,"column":12},"end":{"line":167,"column":13}},"loc":{"start":{"line":167,"column":24},"end":{"line":183,"column":7}},"line":167},"17":{"name":"(anonymous_17)","decl":{"start":{"line":169,"column":21},"end":{"line":169,"column":22}},"loc":{"start":{"line":169,"column":27},"end":{"line":181,"column":9}},"line":169},"18":{"name":"(anonymous_18)","decl":{"start":{"line":186,"column":2},"end":{"line":186,"column":3}},"loc":{"start":{"line":186,"column":37},"end":{"line":189,"column":3}},"line":186}},"branchMap":{"0":{"loc":{"start":{"line":16,"column":6},"end":{"line":47,"column":7}},"type":"if","locations":[{"start":{"line":16,"column":6},"end":{"line":47,"column":7}},{"start":{"line":16,"column":6},"end":{"line":47,"column":7}}],"line":16},"1":{"loc":{"start":{"line":17,"column":8},"end":{"line":41,"column":11}},"type":"if","locations":[{"start":{"line":17,"column":8},"end":{"line":41,"column":11}},{"start":{"line":17,"column":8},"end":{"line":41,"column":11}}],"line":17},"2":{"loc":{"start":{"line":18,"column":14},"end":{"line":35,"column":15}},"type":"if","locations":[{"start":{"line":18,"column":14},"end":{"line":35,"column":15}},{"start":{"line":18,"column":14},"end":{"line":35,"column":15}}],"line":18},"3":{"loc":{"start":{"line":89,"column":8},"end":{"line":107,"column":9}},"type":"if","locations":[{"start":{"line":89,"column":8},"end":{"line":107,"column":9}},{"start":{"line":89,"column":8},"end":{"line":107,"column":9}}],"line":89},"4":{"loc":{"start":{"line":125,"column":8},"end":{"line":138,"column":9}},"type":"if","locations":[{"start":{"line":125,"column":8},"end":{"line":138,"column":9}},{"start":{"line":125,"column":8},"end":{"line":138,"column":9}}],"line":125}},"s":{"0":2,"1":2,"2":2,"3":2,"4":2,"5":2,"6":5,"7":5,"8":4,"9":3,"10":2,"11":1,"12":1,"13":1,"14":1,"15":1,"16":1,"17":1,"18":1,"19":1,"20":3,"21":3,"22":3,"23":1,"24":1,"25":3,"26":3,"27":2,"28":1,"29":1,"30":1,"31":1,"32":2,"33":2,"34":1,"35":1,"36":1,"37":1,"38":1,"39":1,"40":1,"41":1,"42":1,"43":1,"44":1,"45":1,"46":2},"f":{"0":5,"1":4,"2":1,"3":1,"4":1,"5":3,"6":1,"7":3,"8":2,"9":1,"10":1,"11":2,"12":2,"13":1,"14":1,"15":1,"16":1,"17":0,"18":0},"b":{"0":[3,1],"1":[2,1],"2":[1,1],"3":[1,1],"4":[1,1]},"_coverageSchema":"1a1c01bbd47fc00a2c39e90264f33305004495a9","hash":"84845a4a03de20c016faadeddce43f5ac148004a"}
,"/home/tamarazu/Documents/Hacktiv8/phase-3/week4/HQR/backend/controllers/EmployeeController.js": {"path":"/home/tamarazu/Documents/Hacktiv8/phase-3/week4/HQR/backend/controllers/EmployeeController.js","statementMap":{"0":{"start":{"line":1,"column":41},"end":{"line":1,"column":61}},"1":{"start":{"line":2,"column":28},"end":{"line":2,"column":57}},"2":{"start":{"line":3,"column":15},"end":{"line":3,"column":35}},"3":{"start":{"line":4,"column":15},"end":{"line":4,"column":32}},"4":{"start":{"line":5,"column":29},"end":{"line":5,"column":54}},"5":{"start":{"line":6,"column":25},"end":{"line":6,"column":53}},"6":{"start":{"line":7,"column":18},"end":{"line":7,"column":45}},"7":{"start":{"line":11,"column":32},"end":{"line":11,"column":40}},"8":{"start":{"line":12,"column":4},"end":{"line":44,"column":16}},"9":{"start":{"line":18,"column":6},"end":{"line":42,"column":7}},"10":{"start":{"line":19,"column":10},"end":{"line":36,"column":11}},"11":{"start":{"line":20,"column":12},"end":{"line":20,"column":36}},"12":{"start":{"line":21,"column":26},"end":{"line":25,"column":13}},"13":{"start":{"line":26,"column":24},"end":{"line":26,"column":41}},"14":{"start":{"line":27,"column":12},"end":{"line":30,"column":14}},"15":{"start":{"line":32,"column":14},"end":{"line":35,"column":16}},"16":{"start":{"line":38,"column":10},"end":{"line":41,"column":12}},"17":{"start":{"line":48,"column":32},"end":{"line":48,"column":40}},"18":{"start":{"line":49,"column":4},"end":{"line":96,"column":5}},"19":{"start":{"line":50,"column":22},"end":{"line":50,"column":33}},"20":{"start":{"line":52,"column":8},"end":{"line":92,"column":67}},"21":{"start":{"line":53,"column":10},"end":{"line":91,"column":14}},"22":{"start":{"line":63,"column":14},"end":{"line":90,"column":15}},"23":{"start":{"line":65,"column":28},"end":{"line":65,"column":38}},"24":{"start":{"line":66,"column":31},"end":{"line":66,"column":87}},"25":{"start":{"line":67,"column":16},"end":{"line":67,"column":43}},"26":{"start":{"line":69,"column":16},"end":{"line":81,"column":20}},"27":{"start":{"line":80,"column":20},"end":{"line":80,"column":72}},"28":{"start":{"line":83,"column":16},"end":{"line":89,"column":20}},"29":{"start":{"line":88,"column":20},"end":{"line":88,"column":74}},"30":{"start":{"line":92,"column":15},"end":{"line":92,"column":67}},"31":{"start":{"line":100,"column":56},"end":{"line":100,"column":64}},"32":{"start":{"line":101,"column":4},"end":{"line":145,"column":18}},"33":{"start":{"line":109,"column":8},"end":{"line":117,"column":10}},"34":{"start":{"line":120,"column":21},"end":{"line":137,"column":9}},"35":{"start":{"line":138,"column":8},"end":{"line":141,"column":10}},"36":{"start":{"line":143,"column":8},"end":{"line":143,"column":61}},"37":{"start":{"line":149,"column":4},"end":{"line":160,"column":18}},"38":{"start":{"line":158,"column":8},"end":{"line":158,"column":38}},"39":{"start":{"line":164,"column":22},"end":{"line":164,"column":30}},"40":{"start":{"line":165,"column":4},"end":{"line":186,"column":8}},"41":{"start":{"line":172,"column":8},"end":{"line":179,"column":9}},"42":{"start":{"line":173,"column":10},"end":{"line":173,"column":40}},"43":{"start":{"line":175,"column":10},"end":{"line":178,"column":12}},"44":{"start":{"line":182,"column":10},"end":{"line":185,"column":12}},"45":{"start":{"line":190,"column":22},"end":{"line":190,"column":31}},"46":{"start":{"line":191,"column":4},"end":{"line":218,"column":8}},"47":{"start":{"line":206,"column":24},"end":{"line":206,"column":26}},"48":{"start":{"line":207,"column":8},"end":{"line":216,"column":10}},"49":{"start":{"line":217,"column":8},"end":{"line":217,"column":37}},"50":{"start":{"line":222,"column":4},"end":{"line":231,"column":18}},"51":{"start":{"line":229,"column":8},"end":{"line":229,"column":38}},"52":{"start":{"line":235,"column":23},"end":{"line":235,"column":31}},"53":{"start":{"line":238,"column":4},"end":{"line":339,"column":18}},"54":{"start":{"line":343,"column":22},"end":{"line":343,"column":30}},"55":{"start":{"line":344,"column":4},"end":{"line":378,"column":8}},"56":{"start":{"line":351,"column":31},"end":{"line":351,"column":86}},"57":{"start":{"line":352,"column":23},"end":{"line":372,"column":11}},"58":{"start":{"line":376,"column":10},"end":{"line":376,"column":54}},"59":{"start":{"line":382,"column":32},"end":{"line":382,"column":40}},"60":{"start":{"line":383,"column":27},"end":{"line":383,"column":49}},"61":{"start":{"line":384,"column":4},"end":{"line":416,"column":18}},"62":{"start":{"line":391,"column":8},"end":{"line":405,"column":9}},"63":{"start":{"line":392,"column":10},"end":{"line":399,"column":12}},"64":{"start":{"line":401,"column":10},"end":{"line":404,"column":12}},"65":{"start":{"line":408,"column":8},"end":{"line":414,"column":9}},"66":{"start":{"line":408,"column":21},"end":{"line":408,"column":57}},"67":{"start":{"line":410,"column":10},"end":{"line":413,"column":12}},"68":{"start":{"line":420,"column":0},"end":{"line":420,"column":35}}},"fnMap":{"0":{"name":"(anonymous_0)","decl":{"start":{"line":10,"column":2},"end":{"line":10,"column":3}},"loc":{"start":{"line":10,"column":31},"end":{"line":45,"column":3}},"line":10},"1":{"name":"(anonymous_1)","decl":{"start":{"line":17,"column":10},"end":{"line":17,"column":11}},"loc":{"start":{"line":17,"column":22},"end":{"line":43,"column":5}},"line":17},"2":{"name":"(anonymous_2)","decl":{"start":{"line":47,"column":2},"end":{"line":47,"column":3}},"loc":{"start":{"line":47,"column":32},"end":{"line":97,"column":3}},"line":47},"3":{"name":"(anonymous_3)","decl":{"start":{"line":62,"column":18},"end":{"line":62,"column":19}},"loc":{"start":{"line":62,"column":30},"end":{"line":91,"column":13}},"line":62},"4":{"name":"(anonymous_4)","decl":{"start":{"line":79,"column":24},"end":{"line":79,"column":25}},"loc":{"start":{"line":79,"column":36},"end":{"line":81,"column":19}},"line":79},"5":{"name":"(anonymous_5)","decl":{"start":{"line":87,"column":24},"end":{"line":87,"column":25}},"loc":{"start":{"line":87,"column":36},"end":{"line":89,"column":19}},"line":87},"6":{"name":"(anonymous_6)","decl":{"start":{"line":99,"column":2},"end":{"line":99,"column":3}},"loc":{"start":{"line":99,"column":42},"end":{"line":146,"column":5}},"line":99},"7":{"name":"(anonymous_7)","decl":{"start":{"line":108,"column":12},"end":{"line":108,"column":13}},"loc":{"start":{"line":108,"column":24},"end":{"line":118,"column":7}},"line":108},"8":{"name":"(anonymous_8)","decl":{"start":{"line":119,"column":12},"end":{"line":119,"column":13}},"loc":{"start":{"line":119,"column":24},"end":{"line":144,"column":7}},"line":119},"9":{"name":"(anonymous_9)","decl":{"start":{"line":138,"column":33},"end":{"line":138,"column":34}},"loc":{"start":{"line":138,"column":50},"end":{"line":141,"column":9}},"line":138},"10":{"name":"(anonymous_10)","decl":{"start":{"line":148,"column":2},"end":{"line":148,"column":3}},"loc":{"start":{"line":148,"column":37},"end":{"line":161,"column":3}},"line":148},"11":{"name":"(anonymous_11)","decl":{"start":{"line":157,"column":12},"end":{"line":157,"column":13}},"loc":{"start":{"line":157,"column":24},"end":{"line":159,"column":7}},"line":157},"12":{"name":"(anonymous_12)","decl":{"start":{"line":163,"column":2},"end":{"line":163,"column":3}},"loc":{"start":{"line":163,"column":34},"end":{"line":187,"column":3}},"line":163},"13":{"name":"(anonymous_13)","decl":{"start":{"line":171,"column":12},"end":{"line":171,"column":13}},"loc":{"start":{"line":171,"column":24},"end":{"line":180,"column":7}},"line":171},"14":{"name":"(anonymous_14)","decl":{"start":{"line":181,"column":14},"end":{"line":181,"column":15}},"loc":{"start":{"line":181,"column":21},"end":{"line":186,"column":7}},"line":181},"15":{"name":"(anonymous_15)","decl":{"start":{"line":189,"column":2},"end":{"line":189,"column":3}},"loc":{"start":{"line":189,"column":45},"end":{"line":219,"column":3}},"line":189},"16":{"name":"(anonymous_16)","decl":{"start":{"line":205,"column":12},"end":{"line":205,"column":13}},"loc":{"start":{"line":205,"column":24},"end":{"line":218,"column":7}},"line":205},"17":{"name":"(anonymous_17)","decl":{"start":{"line":207,"column":21},"end":{"line":207,"column":22}},"loc":{"start":{"line":207,"column":27},"end":{"line":216,"column":9}},"line":207},"18":{"name":"(anonymous_18)","decl":{"start":{"line":221,"column":2},"end":{"line":221,"column":3}},"loc":{"start":{"line":221,"column":39},"end":{"line":232,"column":3}},"line":221},"19":{"name":"(anonymous_19)","decl":{"start":{"line":228,"column":12},"end":{"line":228,"column":13}},"loc":{"start":{"line":228,"column":24},"end":{"line":230,"column":7}},"line":228},"20":{"name":"(anonymous_20)","decl":{"start":{"line":234,"column":2},"end":{"line":234,"column":3}},"loc":{"start":{"line":234,"column":41},"end":{"line":340,"column":3}},"line":234},"21":{"name":"(anonymous_21)","decl":{"start":{"line":247,"column":12},"end":{"line":247,"column":13}},"loc":{"start":{"line":247,"column":24},"end":{"line":338,"column":7}},"line":247},"22":{"name":"(anonymous_22)","decl":{"start":{"line":342,"column":2},"end":{"line":342,"column":3}},"loc":{"start":{"line":342,"column":46},"end":{"line":379,"column":3}},"line":342},"23":{"name":"(anonymous_23)","decl":{"start":{"line":349,"column":12},"end":{"line":349,"column":13}},"loc":{"start":{"line":349,"column":24},"end":{"line":378,"column":7}},"line":349},"24":{"name":"(anonymous_24)","decl":{"start":{"line":381,"column":2},"end":{"line":381,"column":3}},"loc":{"start":{"line":381,"column":39},"end":{"line":417,"column":5}},"line":381},"25":{"name":"(anonymous_25)","decl":{"start":{"line":390,"column":12},"end":{"line":390,"column":13}},"loc":{"start":{"line":390,"column":24},"end":{"line":406,"column":7}},"line":390},"26":{"name":"(anonymous_26)","decl":{"start":{"line":407,"column":12},"end":{"line":407,"column":13}},"loc":{"start":{"line":407,"column":24},"end":{"line":415,"column":7}},"line":407}},"branchMap":{"0":{"loc":{"start":{"line":18,"column":6},"end":{"line":42,"column":7}},"type":"if","locations":[{"start":{"line":18,"column":6},"end":{"line":42,"column":7}},{"start":{"line":18,"column":6},"end":{"line":42,"column":7}}],"line":18},"1":{"loc":{"start":{"line":19,"column":10},"end":{"line":36,"column":11}},"type":"if","locations":[{"start":{"line":19,"column":10},"end":{"line":36,"column":11}},{"start":{"line":19,"column":10},"end":{"line":36,"column":11}}],"line":19},"2":{"loc":{"start":{"line":52,"column":8},"end":{"line":92,"column":67}},"type":"if","locations":[{"start":{"line":52,"column":8},"end":{"line":92,"column":67}},{"start":{"line":52,"column":8},"end":{"line":92,"column":67}}],"line":52},"3":{"loc":{"start":{"line":63,"column":14},"end":{"line":90,"column":15}},"type":"if","locations":[{"start":{"line":63,"column":14},"end":{"line":90,"column":15}},{"start":{"line":63,"column":14},"end":{"line":90,"column":15}}],"line":63},"4":{"loc":{"start":{"line":172,"column":8},"end":{"line":179,"column":9}},"type":"if","locations":[{"start":{"line":172,"column":8},"end":{"line":179,"column":9}},{"start":{"line":172,"column":8},"end":{"line":179,"column":9}}],"line":172},"5":{"loc":{"start":{"line":391,"column":8},"end":{"line":405,"column":9}},"type":"if","locations":[{"start":{"line":391,"column":8},"end":{"line":405,"column":9}},{"start":{"line":391,"column":8},"end":{"line":405,"column":9}}],"line":391},"6":{"loc":{"start":{"line":408,"column":8},"end":{"line":414,"column":9}},"type":"if","locations":[{"start":{"line":408,"column":8},"end":{"line":414,"column":9}},{"start":{"line":408,"column":8},"end":{"line":414,"column":9}}],"line":408}},"s":{"0":2,"1":2,"2":2,"3":2,"4":2,"5":2,"6":2,"7":3,"8":3,"9":3,"10":2,"11":1,"12":1,"13":1,"14":1,"15":1,"16":1,"17":3,"18":3,"19":3,"20":3,"21":2,"22":2,"23":1,"24":1,"25":1,"26":1,"27":1,"28":1,"29":1,"30":1,"31":2,"32":2,"33":1,"34":1,"35":1,"36":1,"37":2,"38":2,"39":3,"40":3,"41":2,"42":1,"43":1,"44":1,"45":1,"46":1,"47":1,"48":1,"49":1,"50":1,"51":1,"52":2,"53":2,"54":1,"55":1,"56":1,"57":1,"58":1,"59":3,"60":3,"61":3,"62":3,"63":1,"64":2,"65":3,"66":1,"67":2,"68":2},"f":{"0":3,"1":3,"2":3,"3":2,"4":1,"5":1,"6":2,"7":1,"8":1,"9":0,"10":2,"11":2,"12":3,"13":2,"14":1,"15":1,"16":1,"17":4,"18":1,"19":1,"20":2,"21":2,"22":1,"23":1,"24":3,"25":3,"26":3},"b":{"0":[2,1],"1":[1,1],"2":[2,1],"3":[1,1],"4":[1,1],"5":[1,2],"6":[1,2]},"_coverageSchema":"1a1c01bbd47fc00a2c39e90264f33305004495a9","hash":"059346a6a292d0bbf9f496634aa6a879c1622d7a"}
,"/home/tamarazu/Documents/Hacktiv8/phase-3/week4/HQR/backend/controllers/MessageController.js": {"path":"/home/tamarazu/Documents/Hacktiv8/phase-3/week4/HQR/backend/controllers/MessageController.js","statementMap":{"0":{"start":{"line":1,"column":20},"end":{"line":1,"column":40}},"1":{"start":{"line":5,"column":31},"end":{"line":5,"column":39}},"2":{"start":{"line":6,"column":4},"end":{"line":10,"column":18}},"3":{"start":{"line":8,"column":8},"end":{"line":8,"column":38}},"4":{"start":{"line":13,"column":4},"end":{"line":20,"column":18}},"5":{"start":{"line":18,"column":8},"end":{"line":18,"column":38}},"6":{"start":{"line":23,"column":31},"end":{"line":23,"column":39}},"7":{"start":{"line":24,"column":4},"end":{"line":37,"column":18}},"8":{"start":{"line":31,"column":8},"end":{"line":31,"column":44}},"9":{"start":{"line":40,"column":4},"end":{"line":49,"column":16}},"10":{"start":{"line":46,"column":6},"end":{"line":47,"column":62}},"11":{"start":{"line":46,"column":19},"end":{"line":46,"column":69}},"12":{"start":{"line":47,"column":11},"end":{"line":47,"column":62}},"13":{"start":{"line":53,"column":0},"end":{"line":53,"column":34}}},"fnMap":{"0":{"name":"(anonymous_0)","decl":{"start":{"line":4,"column":2},"end":{"line":4,"column":3}},"loc":{"start":{"line":4,"column":32},"end":{"line":11,"column":3}},"line":4},"1":{"name":"(anonymous_1)","decl":{"start":{"line":7,"column":12},"end":{"line":7,"column":13}},"loc":{"start":{"line":7,"column":24},"end":{"line":9,"column":7}},"line":7},"2":{"name":"(anonymous_2)","decl":{"start":{"line":12,"column":2},"end":{"line":12,"column":3}},"loc":{"start":{"line":12,"column":33},"end":{"line":21,"column":3}},"line":12},"3":{"name":"(anonymous_3)","decl":{"start":{"line":17,"column":12},"end":{"line":17,"column":13}},"loc":{"start":{"line":17,"column":24},"end":{"line":19,"column":7}},"line":17},"4":{"name":"(anonymous_4)","decl":{"start":{"line":22,"column":2},"end":{"line":22,"column":3}},"loc":{"start":{"line":22,"column":32},"end":{"line":38,"column":3}},"line":22},"5":{"name":"(anonymous_5)","decl":{"start":{"line":30,"column":12},"end":{"line":30,"column":13}},"loc":{"start":{"line":30,"column":24},"end":{"line":36,"column":7}},"line":30},"6":{"name":"(anonymous_6)","decl":{"start":{"line":39,"column":2},"end":{"line":39,"column":3}},"loc":{"start":{"line":39,"column":32},"end":{"line":50,"column":3}},"line":39},"7":{"name":"(anonymous_7)","decl":{"start":{"line":45,"column":10},"end":{"line":45,"column":11}},"loc":{"start":{"line":45,"column":22},"end":{"line":48,"column":5}},"line":45}},"branchMap":{"0":{"loc":{"start":{"line":46,"column":6},"end":{"line":47,"column":62}},"type":"if","locations":[{"start":{"line":46,"column":6},"end":{"line":47,"column":62}},{"start":{"line":46,"column":6},"end":{"line":47,"column":62}}],"line":46}},"s":{"0":2,"1":1,"2":1,"3":1,"4":1,"5":1,"6":1,"7":1,"8":1,"9":2,"10":2,"11":1,"12":1,"13":2},"f":{"0":1,"1":1,"2":1,"3":1,"4":1,"5":1,"6":2,"7":2},"b":{"0":[1,1]},"_coverageSchema":"1a1c01bbd47fc00a2c39e90264f33305004495a9","hash":"39de88581ee56e61b1b119ec2ede5bd1d1496f1b"}
,"/home/tamarazu/Documents/Hacktiv8/phase-3/week4/HQR/backend/helpers/bcrypt.js": {"path":"/home/tamarazu/Documents/Hacktiv8/phase-3/week4/HQR/backend/helpers/bcrypt.js","statementMap":{"0":{"start":{"line":1,"column":15},"end":{"line":1,"column":34}},"1":{"start":{"line":4,"column":17},"end":{"line":4,"column":38}},"2":{"start":{"line":5,"column":4},"end":{"line":5,"column":42}},"3":{"start":{"line":9,"column":4},"end":{"line":9,"column":47}},"4":{"start":{"line":12,"column":0},"end":{"line":15,"column":1}}},"fnMap":{"0":{"name":"hashPassword","decl":{"start":{"line":3,"column":9},"end":{"line":3,"column":21}},"loc":{"start":{"line":3,"column":32},"end":{"line":6,"column":1}},"line":3},"1":{"name":"comparePassword","decl":{"start":{"line":8,"column":9},"end":{"line":8,"column":24}},"loc":{"start":{"line":8,"column":43},"end":{"line":10,"column":1}},"line":8}},"branchMap":{},"s":{"0":2,"1":10,"2":10,"3":6,"4":2},"f":{"0":10,"1":6},"b":{},"_coverageSchema":"1a1c01bbd47fc00a2c39e90264f33305004495a9","hash":"311fbb62e34ad05d95ffd8caa8afbaa073b67252"}
,"/home/tamarazu/Documents/Hacktiv8/phase-3/week4/HQR/backend/helpers/email.js": {"path":"/home/tamarazu/Documents/Hacktiv8/phase-3/week4/HQR/backend/helpers/email.js","statementMap":{"0":{"start":{"line":1,"column":19},"end":{"line":1,"column":40}},"1":{"start":{"line":2,"column":18},"end":{"line":13,"column":2}},"2":{"start":{"line":15,"column":0},"end":{"line":15,"column":28}}},"fnMap":{},"branchMap":{},"s":{"0":2,"1":2,"2":2},"f":{},"b":{},"_coverageSchema":"1a1c01bbd47fc00a2c39e90264f33305004495a9","hash":"0b57386c853e27f5ba56cf9aea2530df6180c69f"}
,"/home/tamarazu/Documents/Hacktiv8/phase-3/week4/HQR/backend/helpers/jwt.js": {"path":"/home/tamarazu/Documents/Hacktiv8/phase-3/week4/HQR/backend/helpers/jwt.js","statementMap":{"0":{"start":{"line":1,"column":12},"end":{"line":1,"column":35}},"1":{"start":{"line":3,"column":17},"end":{"line":5,"column":1}},"2":{"start":{"line":4,"column":4},"end":{"line":4,"column":48}},"3":{"start":{"line":7,"column":15},"end":{"line":9,"column":1}},"4":{"start":{"line":8,"column":4},"end":{"line":8,"column":48}},"5":{"start":{"line":11,"column":0},"end":{"line":14,"column":1}}},"fnMap":{"0":{"name":"(anonymous_0)","decl":{"start":{"line":3,"column":17},"end":{"line":3,"column":18}},"loc":{"start":{"line":3,"column":30},"end":{"line":5,"column":1}},"line":3},"1":{"name":"(anonymous_1)","decl":{"start":{"line":7,"column":15},"end":{"line":7,"column":16}},"loc":{"start":{"line":7,"column":26},"end":{"line":9,"column":1}},"line":7}},"branchMap":{},"s":{"0":2,"1":2,"2":9,"3":2,"4":34,"5":2},"f":{"0":9,"1":34},"b":{},"_coverageSchema":"1a1c01bbd47fc00a2c39e90264f33305004495a9","hash":"3a9d799e5f1a65491f0fb91b4d925c5043a466ed"}
,"/home/tamarazu/Documents/Hacktiv8/phase-3/week4/HQR/backend/middlewares/authentication.js": {"path":"/home/tamarazu/Documents/Hacktiv8/phase-3/week4/HQR/backend/middlewares/authentication.js","statementMap":{"0":{"start":{"line":1,"column":19},"end":{"line":1,"column":44}},"1":{"start":{"line":2,"column":21},"end":{"line":2,"column":41}},"2":{"start":{"line":3,"column":0},"end":{"line":36,"column":1}},"3":{"start":{"line":4,"column":16},"end":{"line":4,"column":33}},"4":{"start":{"line":5,"column":4},"end":{"line":35,"column":5}},"5":{"start":{"line":6,"column":8},"end":{"line":29,"column":9}},"6":{"start":{"line":7,"column":12},"end":{"line":7,"column":39}},"7":{"start":{"line":8,"column":12},"end":{"line":26,"column":18}},"8":{"start":{"line":14,"column":20},"end":{"line":22,"column":21}},"9":{"start":{"line":15,"column":24},"end":{"line":15,"column":30}},"10":{"start":{"line":16,"column":24},"end":{"line":16,"column":35}},"11":{"start":{"line":18,"column":24},"end":{"line":21,"column":26}},"12":{"start":{"line":25,"column":20},"end":{"line":25,"column":29}},"13":{"start":{"line":31,"column":8},"end":{"line":34,"column":10}}},"fnMap":{"0":{"name":"(anonymous_0)","decl":{"start":{"line":3,"column":17},"end":{"line":3,"column":18}},"loc":{"start":{"line":3,"column":43},"end":{"line":36,"column":1}},"line":3},"1":{"name":"(anonymous_1)","decl":{"start":{"line":13,"column":22},"end":{"line":13,"column":23}},"loc":{"start":{"line":13,"column":34},"end":{"line":23,"column":17}},"line":13},"2":{"name":"(anonymous_2)","decl":{"start":{"line":24,"column":23},"end":{"line":24,"column":24}},"loc":{"start":{"line":24,"column":30},"end":{"line":26,"column":17}},"line":24}},"branchMap":{"0":{"loc":{"start":{"line":5,"column":4},"end":{"line":35,"column":5}},"type":"if","locations":[{"start":{"line":5,"column":4},"end":{"line":35,"column":5}},{"start":{"line":5,"column":4},"end":{"line":35,"column":5}}],"line":5},"1":{"loc":{"start":{"line":14,"column":20},"end":{"line":22,"column":21}},"type":"if","locations":[{"start":{"line":14,"column":20},"end":{"line":22,"column":21}},{"start":{"line":14,"column":20},"end":{"line":22,"column":21}}],"line":14}},"s":{"0":2,"1":2,"2":2,"3":33,"4":33,"5":31,"6":31,"7":31,"8":30,"9":29,"10":29,"11":1,"12":1,"13":2},"f":{"0":33,"1":30,"2":1},"b":{"0":[31,2],"1":[29,1]},"_coverageSchema":"1a1c01bbd47fc00a2c39e90264f33305004495a9","hash":"9434463249a7a553348c277eb3b7904723ffa61f"}
,"/home/tamarazu/Documents/Hacktiv8/phase-3/week4/HQR/backend/middlewares/errorHandler.js": {"path":"/home/tamarazu/Documents/Hacktiv8/phase-3/week4/HQR/backend/middlewares/errorHandler.js","statementMap":{"0":{"start":{"line":1,"column":0},"end":{"line":22,"column":1}}},"fnMap":{"0":{"name":"(anonymous_0)","decl":{"start":{"line":1,"column":17},"end":{"line":1,"column":18}},"loc":{"start":{"line":1,"column":47},"end":{"line":22,"column":1}},"line":1}},"branchMap":{},"s":{"0":2},"f":{"0":21},"b":{},"_coverageSchema":"1a1c01bbd47fc00a2c39e90264f33305004495a9","hash":"1795675606782853d3f2f4d9325e6d4f85617d3f"}
,"/home/tamarazu/Documents/Hacktiv8/phase-3/week4/HQR/backend/models/absence.js": {"path":"/home/tamarazu/Documents/Hacktiv8/phase-3/week4/HQR/backend/models/absence.js","statementMap":{"0":{"start":{"line":2,"column":0},"end":{"line":22,"column":2}},"1":{"start":{"line":3,"column":18},"end":{"line":17,"column":8}},"2":{"start":{"line":18,"column":2},"end":{"line":20,"column":4}},"3":{"start":{"line":19,"column":4},"end":{"line":19,"column":38}},"4":{"start":{"line":21,"column":2},"end":{"line":21,"column":17}}},"fnMap":{"0":{"name":"(anonymous_0)","decl":{"start":{"line":2,"column":17},"end":{"line":2,"column":18}},"loc":{"start":{"line":2,"column":43},"end":{"line":22,"column":1}},"line":2},"1":{"name":"(anonymous_1)","decl":{"start":{"line":18,"column":22},"end":{"line":18,"column":23}},"loc":{"start":{"line":18,"column":39},"end":{"line":20,"column":3}},"line":18}},"branchMap":{},"s":{"0":2,"1":2,"2":2,"3":2,"4":2},"f":{"0":2,"1":2},"b":{},"_coverageSchema":"1a1c01bbd47fc00a2c39e90264f33305004495a9","hash":"15967a3e69a4f665605db2df97ddee8053687c46"}
,"/home/tamarazu/Documents/Hacktiv8/phase-3/week4/HQR/backend/models/employee.js": {"path":"/home/tamarazu/Documents/Hacktiv8/phase-3/week4/HQR/backend/models/employee.js","statementMap":{"0":{"start":{"line":2,"column":25},"end":{"line":2,"column":53}},"1":{"start":{"line":3,"column":14},"end":{"line":3,"column":41}},"2":{"start":{"line":5,"column":0},"end":{"line":208,"column":2}},"3":{"start":{"line":6,"column":16},"end":{"line":6,"column":41}},"4":{"start":{"line":9,"column":2},"end":{"line":199,"column":4}},"5":{"start":{"line":160,"column":8},"end":{"line":160,"column":41}},"6":{"start":{"line":161,"column":8},"end":{"line":161,"column":59}},"7":{"start":{"line":164,"column":8},"end":{"line":164,"column":59}},"8":{"start":{"line":167,"column":21},"end":{"line":192,"column":9}},"9":{"start":{"line":201,"column":2},"end":{"line":205,"column":4}},"10":{"start":{"line":202,"column":4},"end":{"line":202,"column":36}},"11":{"start":{"line":203,"column":4},"end":{"line":203,"column":38}},"12":{"start":{"line":204,"column":4},"end":{"line":204,"column":84}},"13":{"start":{"line":207,"column":2},"end":{"line":207,"column":18}}},"fnMap":{"0":{"name":"(anonymous_0)","decl":{"start":{"line":5,"column":17},"end":{"line":5,"column":18}},"loc":{"start":{"line":5,"column":43},"end":{"line":208,"column":1}},"line":5},"1":{"name":"(anonymous_1)","decl":{"start":{"line":159,"column":20},"end":{"line":159,"column":21}},"loc":{"start":{"line":159,"column":43},"end":{"line":162,"column":7}},"line":159},"2":{"name":"(anonymous_2)","decl":{"start":{"line":163,"column":20},"end":{"line":163,"column":21}},"loc":{"start":{"line":163,"column":43},"end":{"line":165,"column":7}},"line":163},"3":{"name":"(anonymous_3)","decl":{"start":{"line":166,"column":19},"end":{"line":166,"column":20}},"loc":{"start":{"line":166,"column":38},"end":{"line":196,"column":7}},"line":166},"4":{"name":"(anonymous_4)","decl":{"start":{"line":201,"column":23},"end":{"line":201,"column":24}},"loc":{"start":{"line":201,"column":40},"end":{"line":205,"column":3}},"line":201}},"branchMap":{},"s":{"0":2,"1":2,"2":2,"3":2,"4":2,"5":6,"6":6,"7":1,"8":6,"9":2,"10":2,"11":2,"12":2,"13":2},"f":{"0":2,"1":6,"2":1,"3":6,"4":2},"b":{},"_coverageSchema":"1a1c01bbd47fc00a2c39e90264f33305004495a9","hash":"6202d8b6d36b010e5f131919a85d2142343e6823"}
,"/home/tamarazu/Documents/Hacktiv8/phase-3/week4/HQR/backend/models/index.js": {"path":"/home/tamarazu/Documents/Hacktiv8/phase-3/week4/HQR/backend/models/index.js","statementMap":{"0":{"start":{"line":3,"column":11},"end":{"line":3,"column":24}},"1":{"start":{"line":4,"column":13},"end":{"line":4,"column":28}},"2":{"start":{"line":5,"column":18},"end":{"line":5,"column":38}},"3":{"start":{"line":6,"column":17},"end":{"line":6,"column":42}},"4":{"start":{"line":9,"column":15},"end":{"line":9,"column":65}},"5":{"start":{"line":10,"column":11},"end":{"line":10,"column":13}},"6":{"start":{"line":21,"column":0},"end":{"line":29,"column":5}},"7":{"start":{"line":24,"column":4},"end":{"line":24,"column":90}},"8":{"start":{"line":27,"column":18},"end":{"line":27,"column":65}},"9":{"start":{"line":28,"column":4},"end":{"line":28,"column":27}},"10":{"start":{"line":31,"column":0},"end":{"line":36,"column":3}},"11":{"start":{"line":38,"column":0},"end":{"line":38,"column":25}},"12":{"start":{"line":39,"column":0},"end":{"line":39,"column":25}},"13":{"start":{"line":41,"column":0},"end":{"line":41,"column":20}}},"fnMap":{"0":{"name":"(anonymous_0)","decl":{"start":{"line":23,"column":10},"end":{"line":23,"column":11}},"loc":{"start":{"line":23,"column":18},"end":{"line":25,"column":3}},"line":23},"1":{"name":"(anonymous_1)","decl":{"start":{"line":26,"column":11},"end":{"line":26,"column":12}},"loc":{"start":{"line":26,"column":19},"end":{"line":29,"column":3}},"line":26},"2":{"name":"(anonymous_2)","decl":{"start":{"line":31,"column":24},"end":{"line":31,"column":25}},"loc":{"start":{"line":31,"column":37},"end":{"line":36,"column":1}},"line":31}},"branchMap":{"0":{"loc":{"start":{"line":24,"column":11},"end":{"line":24,"column":89}},"type":"binary-expr","locations":[{"start":{"line":24,"column":12},"end":{"line":24,"column":35}},{"start":{"line":24,"column":41},"end":{"line":24,"column":58}},{"start":{"line":24,"column":64},"end":{"line":24,"column":88}}],"line":24}},"s":{"0":2,"1":2,"2":2,"3":2,"4":2,"5":2,"6":2,"7":10,"8":8,"9":8,"10":2,"11":2,"12":2,"13":2},"f":{"0":10,"1":8,"2":8},"b":{"0":[10,10,8]},"_coverageSchema":"1a1c01bbd47fc00a2c39e90264f33305004495a9","hash":"07d20e91d0920a802a2d532f8724c3f494787dbd"}
,"/home/tamarazu/Documents/Hacktiv8/phase-3/week4/HQR/backend/models/message.js": {"path":"/home/tamarazu/Documents/Hacktiv8/phase-3/week4/HQR/backend/models/message.js","statementMap":{"0":{"start":{"line":2,"column":0},"end":{"line":45,"column":2}},"1":{"start":{"line":3,"column":16},"end":{"line":3,"column":41}},"2":{"start":{"line":5,"column":2},"end":{"line":40,"column":4}},"3":{"start":{"line":41,"column":2},"end":{"line":43,"column":4}},"4":{"start":{"line":44,"column":2},"end":{"line":44,"column":17}}},"fnMap":{"0":{"name":"(anonymous_0)","decl":{"start":{"line":2,"column":17},"end":{"line":2,"column":18}},"loc":{"start":{"line":2,"column":43},"end":{"line":45,"column":1}},"line":2},"1":{"name":"(anonymous_1)","decl":{"start":{"line":41,"column":22},"end":{"line":41,"column":23}},"loc":{"start":{"line":41,"column":39},"end":{"line":43,"column":3}},"line":41}},"branchMap":{},"s":{"0":2,"1":2,"2":2,"3":2,"4":2},"f":{"0":2,"1":2},"b":{},"_coverageSchema":"1a1c01bbd47fc00a2c39e90264f33305004495a9","hash":"205bd811e4c46d19250e93969ba9efd69628d086"}
,"/home/tamarazu/Documents/Hacktiv8/phase-3/week4/HQR/backend/models/paidleave.js": {"path":"/home/tamarazu/Documents/Hacktiv8/phase-3/week4/HQR/backend/models/paidleave.js","statementMap":{"0":{"start":{"line":2,"column":0},"end":{"line":66,"column":2}},"1":{"start":{"line":4,"column":16},"end":{"line":4,"column":41}},"2":{"start":{"line":6,"column":2},"end":{"line":61,"column":4}},"3":{"start":{"line":62,"column":2},"end":{"line":64,"column":4}},"4":{"start":{"line":63,"column":4},"end":{"line":63,"column":40}},"5":{"start":{"line":65,"column":2},"end":{"line":65,"column":19}}},"fnMap":{"0":{"name":"(anonymous_0)","decl":{"start":{"line":2,"column":17},"end":{"line":2,"column":18}},"loc":{"start":{"line":2,"column":43},"end":{"line":66,"column":1}},"line":2},"1":{"name":"(anonymous_1)","decl":{"start":{"line":62,"column":24},"end":{"line":62,"column":25}},"loc":{"start":{"line":62,"column":41},"end":{"line":64,"column":3}},"line":62}},"branchMap":{},"s":{"0":2,"1":2,"2":2,"3":2,"4":2,"5":2},"f":{"0":2,"1":2},"b":{},"_coverageSchema":"1a1c01bbd47fc00a2c39e90264f33305004495a9","hash":"34be874be33e7fbc17f57ea494fec12d33f10039"}
,"/home/tamarazu/Documents/Hacktiv8/phase-3/week4/HQR/backend/routes/admin.js": {"path":"/home/tamarazu/Documents/Hacktiv8/phase-3/week4/HQR/backend/routes/admin.js","statementMap":{"0":{"start":{"line":1,"column":24},"end":{"line":1,"column":65}},"1":{"start":{"line":2,"column":26},"end":{"line":2,"column":69}},"2":{"start":{"line":3,"column":15},"end":{"line":3,"column":42}},"3":{"start":{"line":4,"column":23},"end":{"line":4,"column":63}},"4":{"start":{"line":5,"column":15},"end":{"line":5,"column":32}},"5":{"start":{"line":6,"column":12},"end":{"line":6,"column":30}},"6":{"start":{"line":7,"column":17},"end":{"line":7,"column":37}},"7":{"start":{"line":8,"column":15},"end":{"line":8,"column":32}},"8":{"start":{"line":10,"column":11},"end":{"line":10,"column":23}},"9":{"start":{"line":12,"column":0},"end":{"line":16,"column":2}},"10":{"start":{"line":17,"column":15},"end":{"line":26,"column":2}},"11":{"start":{"line":28,"column":0},"end":{"line":28,"column":44}},"12":{"start":{"line":29,"column":0},"end":{"line":29,"column":75}},"13":{"start":{"line":31,"column":0},"end":{"line":31,"column":26}},"14":{"start":{"line":33,"column":0},"end":{"line":33,"column":45}},"15":{"start":{"line":35,"column":0},"end":{"line":35,"column":49}},"16":{"start":{"line":36,"column":0},"end":{"line":36,"column":49}},"17":{"start":{"line":37,"column":0},"end":{"line":37,"column":52}},"18":{"start":{"line":38,"column":0},"end":{"line":38,"column":55}},"19":{"start":{"line":40,"column":0},"end":{"line":40,"column":59}},"20":{"start":{"line":42,"column":0},"end":{"line":42,"column":48}},"21":{"start":{"line":43,"column":0},"end":{"line":43,"column":53}},"22":{"start":{"line":44,"column":0},"end":{"line":44,"column":59}},"23":{"start":{"line":45,"column":0},"end":{"line":45,"column":62}},"24":{"start":{"line":47,"column":0},"end":{"line":47,"column":23}}},"fnMap":{"0":{"name":"(anonymous_0)","decl":{"start":{"line":21,"column":9},"end":{"line":21,"column":10}},"loc":{"start":{"line":21,"column":28},"end":{"line":24,"column":5}},"line":21}},"branchMap":{},"s":{"0":2,"1":2,"2":2,"3":2,"4":2,"5":2,"6":2,"7":2,"8":2,"9":2,"10":2,"11":2,"12":2,"13":2,"14":2,"15":2,"16":2,"17":2,"18":2,"19":2,"20":2,"21":2,"22":2,"23":2,"24":2},"f":{"0":0},"b":{},"_coverageSchema":"1a1c01bbd47fc00a2c39e90264f33305004495a9","hash":"6c197bcb0e6e2d844540a49a804fdc17f8a6e067"}
,"/home/tamarazu/Documents/Hacktiv8/phase-3/week4/HQR/backend/routes/employee.js": {"path":"/home/tamarazu/Documents/Hacktiv8/phase-3/week4/HQR/backend/routes/employee.js","statementMap":{"0":{"start":{"line":1,"column":15},"end":{"line":1,"column":42}},"1":{"start":{"line":2,"column":27},"end":{"line":2,"column":71}},"2":{"start":{"line":3,"column":26},"end":{"line":3,"column":69}},"3":{"start":{"line":5,"column":23},"end":{"line":5,"column":63}},"4":{"start":{"line":7,"column":0},"end":{"line":7,"column":47}},"5":{"start":{"line":8,"column":0},"end":{"line":8,"column":53}},"6":{"start":{"line":9,"column":0},"end":{"line":9,"column":68}},"7":{"start":{"line":10,"column":0},"end":{"line":10,"column":62}},"8":{"start":{"line":13,"column":0},"end":{"line":13,"column":26}},"9":{"start":{"line":15,"column":0},"end":{"line":15,"column":49}},"10":{"start":{"line":17,"column":0},"end":{"line":17,"column":49}},"11":{"start":{"line":19,"column":0},"end":{"line":19,"column":54}},"12":{"start":{"line":21,"column":0},"end":{"line":21,"column":58}},"13":{"start":{"line":22,"column":0},"end":{"line":22,"column":62}},"14":{"start":{"line":23,"column":0},"end":{"line":23,"column":64}},"15":{"start":{"line":25,"column":0},"end":{"line":25,"column":67}},"16":{"start":{"line":26,"column":0},"end":{"line":26,"column":23}}},"fnMap":{},"branchMap":{},"s":{"0":2,"1":2,"2":2,"3":2,"4":2,"5":2,"6":2,"7":2,"8":2,"9":2,"10":2,"11":2,"12":2,"13":2,"14":2,"15":2,"16":2},"f":{},"b":{},"_coverageSchema":"1a1c01bbd47fc00a2c39e90264f33305004495a9","hash":"0e3088b145213ed51182f8ff96e94914e9b443e1"}
,"/home/tamarazu/Documents/Hacktiv8/phase-3/week4/HQR/backend/routes/index.js": {"path":"/home/tamarazu/Documents/Hacktiv8/phase-3/week4/HQR/backend/routes/index.js","statementMap":{"0":{"start":{"line":1,"column":15},"end":{"line":1,"column":42}},"1":{"start":{"line":3,"column":20},"end":{"line":3,"column":38}},"2":{"start":{"line":4,"column":23},"end":{"line":4,"column":44}},"3":{"start":{"line":6,"column":0},"end":{"line":6,"column":33}},"4":{"start":{"line":7,"column":0},"end":{"line":7,"column":39}},"5":{"start":{"line":9,"column":0},"end":{"line":9,"column":23}}},"fnMap":{},"branchMap":{},"s":{"0":2,"1":2,"2":2,"3":2,"4":2,"5":2},"f":{},"b":{},"_coverageSchema":"1a1c01bbd47fc00a2c39e90264f33305004495a9","hash":"be08ce523e824c8e38699fcfc797f82da8d4784b"}
}
