{"/home/tamarazu/Documents/Hacktiv8/phase-3/week4/HQR/backend/app.js": {"path":"/home/tamarazu/Documents/Hacktiv8/phase-3/week4/HQR/backend/app.js","statementMap":{"0":{"start":{"line":1,"column":0},"end":{"line":1,"column":26}},"1":{"start":{"line":2,"column":13},"end":{"line":2,"column":28}},"2":{"start":{"line":3,"column":16},"end":{"line":3,"column":34}},"3":{"start":{"line":4,"column":15},"end":{"line":4,"column":34}},"4":{"start":{"line":5,"column":21},"end":{"line":5,"column":58}},"5":{"start":{"line":7,"column":12},"end":{"line":7,"column":21}},"6":{"start":{"line":9,"column":0},"end":{"line":9,"column":49}},"7":{"start":{"line":10,"column":0},"end":{"line":10,"column":24}},"8":{"start":{"line":11,"column":0},"end":{"line":11,"column":16}},"9":{"start":{"line":13,"column":0},"end":{"line":13,"column":15}},"10":{"start":{"line":14,"column":0},"end":{"line":14,"column":21}},"11":{"start":{"line":17,"column":0},"end":{"line":17,"column":20}}},"fnMap":{},"branchMap":{},"s":{"0":2,"1":2,"2":2,"3":2,"4":2,"5":2,"6":2,"7":2,"8":2,"9":2,"10":2,"11":2},"f":{},"b":{},"_coverageSchema":"1a1c01bbd47fc00a2c39e90264f33305004495a9","hash":"641d14968c68331ad0ac0774b76091330b4a8e44"}
,"/home/tamarazu/Documents/Hacktiv8/phase-3/week4/HQR/backend/bin/http.js": {"path":"/home/tamarazu/Documents/Hacktiv8/phase-3/week4/HQR/backend/bin/http.js","statementMap":{"0":{"start":{"line":1,"column":0},"end":{"line":1,"column":26}},"1":{"start":{"line":2,"column":12},"end":{"line":2,"column":29}},"2":{"start":{"line":3,"column":13},"end":{"line":3,"column":28}},"3":{"start":{"line":4,"column":15},"end":{"line":4,"column":37}},"4":{"start":{"line":5,"column":0},"end":{"line":5,"column":90}},"5":{"start":{"line":5,"column":38},"end":{"line":5,"column":89}},"6":{"start":{"line":7,"column":0},"end":{"line":7,"column":23}}},"fnMap":{"0":{"name":"(anonymous_0)","decl":{"start":{"line":5,"column":32},"end":{"line":5,"column":33}},"loc":{"start":{"line":5,"column":38},"end":{"line":5,"column":89}},"line":5}},"branchMap":{},"s":{"0":2,"1":2,"2":2,"3":2,"4":2,"5":2,"6":2},"f":{"0":2},"b":{},"_coverageSchema":"1a1c01bbd47fc00a2c39e90264f33305004495a9","hash":"9ae9f54373f6ea5cb602ce8733d5f73f0e55d30e"}
,"/home/tamarazu/Documents/Hacktiv8/phase-3/week4/HQR/backend/controllers/AdminController.js": {"path":"/home/tamarazu/Documents/Hacktiv8/phase-3/week4/HQR/backend/controllers/AdminController.js","statementMap":{"0":{"start":{"line":1,"column":30},"end":{"line":1,"column":50}},"1":{"start":{"line":2,"column":42},"end":{"line":2,"column":70}},"2":{"start":{"line":3,"column":21},"end":{"line":3,"column":46}},"3":{"start":{"line":4,"column":15},"end":{"line":4,"column":35}},"4":{"start":{"line":5,"column":11},"end":{"line":5,"column":24}},"5":{"start":{"line":6,"column":15},"end":{"line":6,"column":32}},"6":{"start":{"line":9,"column":32},"end":{"line":9,"column":40}},"7":{"start":{"line":10,"column":4},"end":{"line":51,"column":6}},"8":{"start":{"line":16,"column":6},"end":{"line":47,"column":7}},"9":{"start":{"line":17,"column":8},"end":{"line":41,"column":11}},"10":{"start":{"line":18,"column":14},"end":{"line":35,"column":15}},"11":{"start":{"line":19,"column":30},"end":{"line":24,"column":17}},"12":{"start":{"line":25,"column":28},"end":{"line":25,"column":45}},"13":{"start":{"line":26,"column":16},"end":{"line":29,"column":18}},"14":{"start":{"line":31,"column":16},"end":{"line":34,"column":16}},"15":{"start":{"line":37,"column":14},"end":{"line":40,"column":16}},"16":{"start":{"line":43,"column":10},"end":{"line":46,"column":12}},"17":{"start":{"line":50,"column":6},"end":{"line":50,"column":15}},"18":{"start":{"line":55,"column":4},"end":{"line":61,"column":18}},"19":{"start":{"line":59,"column":8},"end":{"line":59,"column":38}},"20":{"start":{"line":66,"column":121},"end":{"line":66,"column":129}},"21":{"start":{"line":67,"column":25},"end":{"line":67,"column":44}},"22":{"start":{"line":68,"column":4},"end":{"line":78,"column":18}},"23":{"start":{"line":72,"column":24},"end":{"line":75,"column":9}},"24":{"start":{"line":76,"column":8},"end":{"line":76,"column":37}},"25":{"start":{"line":82,"column":111},"end":{"line":82,"column":119}},"26":{"start":{"line":83,"column":19},"end":{"line":83,"column":36}},"27":{"start":{"line":84,"column":4},"end":{"line":86,"column":5}},"28":{"start":{"line":85,"column":6},"end":{"line":85,"column":39}},"29":{"start":{"line":87,"column":4},"end":{"line":109,"column":8}},"30":{"start":{"line":96,"column":8},"end":{"line":102,"column":9}},"31":{"start":{"line":96,"column":21},"end":{"line":96,"column":57}},"32":{"start":{"line":98,"column":10},"end":{"line":101,"column":12}},"33":{"start":{"line":105,"column":8},"end":{"line":108,"column":10}},"34":{"start":{"line":114,"column":4},"end":{"line":133,"column":18}},"35":{"start":{"line":120,"column":8},"end":{"line":127,"column":9}},"36":{"start":{"line":121,"column":10},"end":{"line":121,"column":28}},"37":{"start":{"line":122,"column":10},"end":{"line":126,"column":12}},"38":{"start":{"line":130,"column":8},"end":{"line":131,"column":66}},"39":{"start":{"line":130,"column":20},"end":{"line":130,"column":49}},"40":{"start":{"line":131,"column":13},"end":{"line":131,"column":66}},"41":{"start":{"line":137,"column":20},"end":{"line":139,"column":5}},"42":{"start":{"line":140,"column":18},"end":{"line":140,"column":35}},"43":{"start":{"line":141,"column":4},"end":{"line":141,"column":33}},"44":{"start":{"line":145,"column":34},"end":{"line":145,"column":43}},"45":{"start":{"line":146,"column":4},"end":{"line":173,"column":8}},"46":{"start":{"line":161,"column":24},"end":{"line":161,"column":26}},"47":{"start":{"line":162,"column":8},"end":{"line":171,"column":10}},"48":{"start":{"line":163,"column":26},"end":{"line":163,"column":84}},"49":{"start":{"line":163,"column":52},"end":{"line":163,"column":83}},"50":{"start":{"line":164,"column":12},"end":{"line":170,"column":14}},"51":{"start":{"line":165,"column":14},"end":{"line":165,"column":38}},"52":{"start":{"line":167,"column":17},"end":{"line":170,"column":14}},"53":{"start":{"line":172,"column":8},"end":{"line":172,"column":37}},"54":{"start":{"line":177,"column":4},"end":{"line":177,"column":46}},"55":{"start":{"line":181,"column":0},"end":{"line":181,"column":32}}},"fnMap":{"0":{"name":"(anonymous_0)","decl":{"start":{"line":8,"column":2},"end":{"line":8,"column":3}},"loc":{"start":{"line":8,"column":31},"end":{"line":52,"column":3}},"line":8},"1":{"name":"(anonymous_1)","decl":{"start":{"line":15,"column":10},"end":{"line":15,"column":11}},"loc":{"start":{"line":15,"column":22},"end":{"line":48,"column":5}},"line":15},"2":{"name":"(anonymous_2)","decl":{"start":{"line":49,"column":11},"end":{"line":49,"column":12}},"loc":{"start":{"line":49,"column":18},"end":{"line":51,"column":5}},"line":49},"3":{"name":"(anonymous_3)","decl":{"start":{"line":54,"column":2},"end":{"line":54,"column":3}},"loc":{"start":{"line":54,"column":33},"end":{"line":62,"column":3}},"line":54},"4":{"name":"(anonymous_4)","decl":{"start":{"line":58,"column":12},"end":{"line":58,"column":13}},"loc":{"start":{"line":58,"column":24},"end":{"line":60,"column":7}},"line":58},"5":{"name":"(anonymous_5)","decl":{"start":{"line":65,"column":2},"end":{"line":65,"column":3}},"loc":{"start":{"line":65,"column":37},"end":{"line":79,"column":3}},"line":65},"6":{"name":"(anonymous_6)","decl":{"start":{"line":71,"column":12},"end":{"line":71,"column":13}},"loc":{"start":{"line":71,"column":24},"end":{"line":77,"column":7}},"line":71},"7":{"name":"(anonymous_7)","decl":{"start":{"line":81,"column":2},"end":{"line":81,"column":3}},"loc":{"start":{"line":81,"column":40},"end":{"line":110,"column":3}},"line":81},"8":{"name":"(anonymous_8)","decl":{"start":{"line":95,"column":12},"end":{"line":95,"column":13}},"loc":{"start":{"line":95,"column":24},"end":{"line":103,"column":7}},"line":95},"9":{"name":"(anonymous_9)","decl":{"start":{"line":104,"column":13},"end":{"line":104,"column":14}},"loc":{"start":{"line":104,"column":20},"end":{"line":109,"column":7}},"line":104},"10":{"name":"(anonymous_10)","decl":{"start":{"line":112,"column":2},"end":{"line":112,"column":3}},"loc":{"start":{"line":112,"column":40},"end":{"line":134,"column":3}},"line":112},"11":{"name":"(anonymous_11)","decl":{"start":{"line":119,"column":12},"end":{"line":119,"column":13}},"loc":{"start":{"line":119,"column":24},"end":{"line":128,"column":7}},"line":119},"12":{"name":"(anonymous_12)","decl":{"start":{"line":129,"column":12},"end":{"line":129,"column":13}},"loc":{"start":{"line":129,"column":24},"end":{"line":132,"column":7}},"line":129},"13":{"name":"(anonymous_13)","decl":{"start":{"line":136,"column":2},"end":{"line":136,"column":3}},"loc":{"start":{"line":136,"column":36},"end":{"line":142,"column":3}},"line":136},"14":{"name":"(anonymous_14)","decl":{"start":{"line":144,"column":2},"end":{"line":144,"column":3}},"loc":{"start":{"line":144,"column":45},"end":{"line":174,"column":3}},"line":144},"15":{"name":"(anonymous_15)","decl":{"start":{"line":160,"column":12},"end":{"line":160,"column":13}},"loc":{"start":{"line":160,"column":24},"end":{"line":173,"column":7}},"line":160},"16":{"name":"(anonymous_16)","decl":{"start":{"line":162,"column":21},"end":{"line":162,"column":22}},"loc":{"start":{"line":162,"column":27},"end":{"line":171,"column":9}},"line":162},"17":{"name":"(anonymous_17)","decl":{"start":{"line":163,"column":44},"end":{"line":163,"column":45}},"loc":{"start":{"line":163,"column":52},"end":{"line":163,"column":83}},"line":163},"18":{"name":"(anonymous_18)","decl":{"start":{"line":176,"column":2},"end":{"line":176,"column":3}},"loc":{"start":{"line":176,"column":37},"end":{"line":178,"column":3}},"line":176}},"branchMap":{"0":{"loc":{"start":{"line":16,"column":6},"end":{"line":47,"column":7}},"type":"if","locations":[{"start":{"line":16,"column":6},"end":{"line":47,"column":7}},{"start":{"line":16,"column":6},"end":{"line":47,"column":7}}],"line":16},"1":{"loc":{"start":{"line":17,"column":8},"end":{"line":41,"column":11}},"type":"if","locations":[{"start":{"line":17,"column":8},"end":{"line":41,"column":11}},{"start":{"line":17,"column":8},"end":{"line":41,"column":11}}],"line":17},"2":{"loc":{"start":{"line":18,"column":14},"end":{"line":35,"column":15}},"type":"if","locations":[{"start":{"line":18,"column":14},"end":{"line":35,"column":15}},{"start":{"line":18,"column":14},"end":{"line":35,"column":15}}],"line":18},"3":{"loc":{"start":{"line":84,"column":4},"end":{"line":86,"column":5}},"type":"if","locations":[{"start":{"line":84,"column":4},"end":{"line":86,"column":5}},{"start":{"line":84,"column":4},"end":{"line":86,"column":5}}],"line":84},"4":{"loc":{"start":{"line":96,"column":8},"end":{"line":102,"column":9}},"type":"if","locations":[{"start":{"line":96,"column":8},"end":{"line":102,"column":9}},{"start":{"line":96,"column":8},"end":{"line":102,"column":9}}],"line":96},"5":{"loc":{"start":{"line":120,"column":8},"end":{"line":127,"column":9}},"type":"if","locations":[{"start":{"line":120,"column":8},"end":{"line":127,"column":9}},{"start":{"line":120,"column":8},"end":{"line":127,"column":9}}],"line":120},"6":{"loc":{"start":{"line":130,"column":8},"end":{"line":131,"column":66}},"type":"if","locations":[{"start":{"line":130,"column":8},"end":{"line":131,"column":66}},{"start":{"line":130,"column":8},"end":{"line":131,"column":66}}],"line":130},"7":{"loc":{"start":{"line":164,"column":12},"end":{"line":170,"column":14}},"type":"if","locations":[{"start":{"line":164,"column":12},"end":{"line":170,"column":14}},{"start":{"line":164,"column":12},"end":{"line":170,"column":14}}],"line":164}},"s":{"0":2,"1":2,"2":2,"3":2,"4":2,"5":2,"6":3,"7":3,"8":3,"9":2,"10":1,"11":1,"12":1,"13":1,"14":0,"15":1,"16":1,"17":0,"18":1,"19":1,"20":3,"21":3,"22":3,"23":1,"24":1,"25":2,"26":2,"27":2,"28":0,"29":2,"30":2,"31":2,"32":0,"33":1,"34":1,"35":1,"36":1,"37":1,"38":1,"39":1,"40":0,"41":1,"42":1,"43":1,"44":0,"45":0,"46":0,"47":0,"48":0,"49":0,"50":0,"51":0,"52":0,"53":0,"54":0,"55":2},"f":{"0":3,"1":3,"2":0,"3":1,"4":1,"5":3,"6":1,"7":2,"8":2,"9":1,"10":1,"11":1,"12":1,"13":1,"14":0,"15":0,"16":0,"17":0,"18":0},"b":{"0":[2,1],"1":[1,1],"2":[1,0],"3":[0,2],"4":[2,0],"5":[1,0],"6":[1,0],"7":[0,0]},"_coverageSchema":"1a1c01bbd47fc00a2c39e90264f33305004495a9","hash":"358b8e58436c84f92b3679c206728e3619ddbf9c"}
,"/home/tamarazu/Documents/Hacktiv8/phase-3/week4/HQR/backend/controllers/EmployeeController.js": {"path":"/home/tamarazu/Documents/Hacktiv8/phase-3/week4/HQR/backend/controllers/EmployeeController.js","statementMap":{"0":{"start":{"line":1,"column":41},"end":{"line":1,"column":61}},"1":{"start":{"line":2,"column":28},"end":{"line":2,"column":57}},"2":{"start":{"line":3,"column":15},"end":{"line":3,"column":35}},"3":{"start":{"line":4,"column":15},"end":{"line":4,"column":32}},"4":{"start":{"line":5,"column":29},"end":{"line":5,"column":54}},"5":{"start":{"line":6,"column":25},"end":{"line":6,"column":53}},"6":{"start":{"line":10,"column":32},"end":{"line":10,"column":40}},"7":{"start":{"line":11,"column":4},"end":{"line":45,"column":16}},"8":{"start":{"line":17,"column":6},"end":{"line":43,"column":7}},"9":{"start":{"line":18,"column":10},"end":{"line":36,"column":11}},"10":{"start":{"line":19,"column":12},"end":{"line":19,"column":36}},"11":{"start":{"line":20,"column":26},"end":{"line":24,"column":13}},"12":{"start":{"line":25,"column":24},"end":{"line":25,"column":41}},"13":{"start":{"line":26,"column":12},"end":{"line":29,"column":14}},"14":{"start":{"line":31,"column":12},"end":{"line":31,"column":39}},"15":{"start":{"line":32,"column":14},"end":{"line":35,"column":16}},"16":{"start":{"line":38,"column":8},"end":{"line":38,"column":39}},"17":{"start":{"line":39,"column":10},"end":{"line":42,"column":12}},"18":{"start":{"line":49,"column":32},"end":{"line":49,"column":40}},"19":{"start":{"line":50,"column":4},"end":{"line":96,"column":5}},"20":{"start":{"line":51,"column":22},"end":{"line":51,"column":33}},"21":{"start":{"line":52,"column":6},"end":{"line":93,"column":7}},"22":{"start":{"line":53,"column":8},"end":{"line":92,"column":67}},"23":{"start":{"line":54,"column":10},"end":{"line":91,"column":14}},"24":{"start":{"line":64,"column":14},"end":{"line":90,"column":15}},"25":{"start":{"line":66,"column":28},"end":{"line":66,"column":38}},"26":{"start":{"line":67,"column":31},"end":{"line":67,"column":87}},"27":{"start":{"line":68,"column":16},"end":{"line":68,"column":43}},"28":{"start":{"line":69,"column":16},"end":{"line":69,"column":62}},"29":{"start":{"line":70,"column":16},"end":{"line":82,"column":20}},"30":{"start":{"line":81,"column":20},"end":{"line":81,"column":72}},"31":{"start":{"line":84,"column":16},"end":{"line":89,"column":20}},"32":{"start":{"line":88,"column":20},"end":{"line":88,"column":74}},"33":{"start":{"line":92,"column":15},"end":{"line":92,"column":67}},"34":{"start":{"line":111,"column":56},"end":{"line":111,"column":64}},"35":{"start":{"line":112,"column":4},"end":{"line":122,"column":18}},"36":{"start":{"line":120,"column":8},"end":{"line":120,"column":61}},"37":{"start":{"line":126,"column":4},"end":{"line":137,"column":18}},"38":{"start":{"line":135,"column":8},"end":{"line":135,"column":38}},"39":{"start":{"line":141,"column":22},"end":{"line":141,"column":30}},"40":{"start":{"line":142,"column":4},"end":{"line":163,"column":8}},"41":{"start":{"line":149,"column":8},"end":{"line":156,"column":9}},"42":{"start":{"line":150,"column":10},"end":{"line":150,"column":40}},"43":{"start":{"line":152,"column":10},"end":{"line":155,"column":12}},"44":{"start":{"line":159,"column":10},"end":{"line":162,"column":12}},"45":{"start":{"line":167,"column":4},"end":{"line":182,"column":8}},"46":{"start":{"line":181,"column":8},"end":{"line":181,"column":38}},"47":{"start":{"line":186,"column":4},"end":{"line":194,"column":18}},"48":{"start":{"line":192,"column":8},"end":{"line":192,"column":38}},"49":{"start":{"line":198,"column":23},"end":{"line":198,"column":31}},"50":{"start":{"line":199,"column":4},"end":{"line":233,"column":18}},"51":{"start":{"line":209,"column":8},"end":{"line":209,"column":33}},"52":{"start":{"line":210,"column":21},"end":{"line":210,"column":77}},"53":{"start":{"line":211,"column":22},"end":{"line":211,"column":66}},"54":{"start":{"line":212,"column":24},"end":{"line":212,"column":26}},"55":{"start":{"line":213,"column":8},"end":{"line":223,"column":9}},"56":{"start":{"line":213,"column":20},"end":{"line":213,"column":21}},"57":{"start":{"line":214,"column":10},"end":{"line":220,"column":12}},"58":{"start":{"line":221,"column":10},"end":{"line":221,"column":61}},"59":{"start":{"line":222,"column":10},"end":{"line":222,"column":64}},"60":{"start":{"line":224,"column":8},"end":{"line":231,"column":9}},"61":{"start":{"line":225,"column":10},"end":{"line":228,"column":14}},"62":{"start":{"line":227,"column":14},"end":{"line":227,"column":70}},"63":{"start":{"line":230,"column":10},"end":{"line":230,"column":65}},"64":{"start":{"line":237,"column":32},"end":{"line":237,"column":40}},"65":{"start":{"line":238,"column":27},"end":{"line":238,"column":49}},"66":{"start":{"line":239,"column":4},"end":{"line":276,"column":8}},"67":{"start":{"line":246,"column":8},"end":{"line":260,"column":9}},"68":{"start":{"line":247,"column":10},"end":{"line":254,"column":12}},"69":{"start":{"line":256,"column":10},"end":{"line":259,"column":12}},"70":{"start":{"line":263,"column":8},"end":{"line":269,"column":9}},"71":{"start":{"line":263,"column":21},"end":{"line":263,"column":57}},"72":{"start":{"line":265,"column":10},"end":{"line":268,"column":12}},"73":{"start":{"line":272,"column":8},"end":{"line":275,"column":10}},"74":{"start":{"line":280,"column":0},"end":{"line":280,"column":35}}},"fnMap":{"0":{"name":"(anonymous_0)","decl":{"start":{"line":9,"column":2},"end":{"line":9,"column":3}},"loc":{"start":{"line":9,"column":31},"end":{"line":46,"column":3}},"line":9},"1":{"name":"(anonymous_1)","decl":{"start":{"line":16,"column":10},"end":{"line":16,"column":11}},"loc":{"start":{"line":16,"column":22},"end":{"line":44,"column":5}},"line":16},"2":{"name":"(anonymous_2)","decl":{"start":{"line":48,"column":2},"end":{"line":48,"column":3}},"loc":{"start":{"line":48,"column":32},"end":{"line":97,"column":3}},"line":48},"3":{"name":"(anonymous_3)","decl":{"start":{"line":63,"column":18},"end":{"line":63,"column":19}},"loc":{"start":{"line":63,"column":30},"end":{"line":91,"column":13}},"line":63},"4":{"name":"(anonymous_4)","decl":{"start":{"line":80,"column":24},"end":{"line":80,"column":25}},"loc":{"start":{"line":80,"column":36},"end":{"line":82,"column":19}},"line":80},"5":{"name":"(anonymous_5)","decl":{"start":{"line":87,"column":24},"end":{"line":87,"column":25}},"loc":{"start":{"line":87,"column":36},"end":{"line":89,"column":19}},"line":87},"6":{"name":"(anonymous_6)","decl":{"start":{"line":110,"column":2},"end":{"line":110,"column":3}},"loc":{"start":{"line":110,"column":42},"end":{"line":123,"column":5}},"line":110},"7":{"name":"(anonymous_7)","decl":{"start":{"line":119,"column":12},"end":{"line":119,"column":13}},"loc":{"start":{"line":119,"column":24},"end":{"line":121,"column":7}},"line":119},"8":{"name":"(anonymous_8)","decl":{"start":{"line":125,"column":2},"end":{"line":125,"column":3}},"loc":{"start":{"line":125,"column":37},"end":{"line":138,"column":3}},"line":125},"9":{"name":"(anonymous_9)","decl":{"start":{"line":134,"column":12},"end":{"line":134,"column":13}},"loc":{"start":{"line":134,"column":24},"end":{"line":136,"column":7}},"line":134},"10":{"name":"(anonymous_10)","decl":{"start":{"line":140,"column":2},"end":{"line":140,"column":3}},"loc":{"start":{"line":140,"column":34},"end":{"line":164,"column":3}},"line":140},"11":{"name":"(anonymous_11)","decl":{"start":{"line":148,"column":12},"end":{"line":148,"column":13}},"loc":{"start":{"line":148,"column":24},"end":{"line":157,"column":7}},"line":148},"12":{"name":"(anonymous_12)","decl":{"start":{"line":158,"column":14},"end":{"line":158,"column":15}},"loc":{"start":{"line":158,"column":21},"end":{"line":163,"column":7}},"line":158},"13":{"name":"(anonymous_13)","decl":{"start":{"line":166,"column":2},"end":{"line":166,"column":3}},"loc":{"start":{"line":166,"column":45},"end":{"line":183,"column":3}},"line":166},"14":{"name":"(anonymous_14)","decl":{"start":{"line":180,"column":12},"end":{"line":180,"column":13}},"loc":{"start":{"line":180,"column":24},"end":{"line":182,"column":7}},"line":180},"15":{"name":"(anonymous_15)","decl":{"start":{"line":185,"column":2},"end":{"line":185,"column":3}},"loc":{"start":{"line":185,"column":39},"end":{"line":195,"column":3}},"line":185},"16":{"name":"(anonymous_16)","decl":{"start":{"line":191,"column":12},"end":{"line":191,"column":13}},"loc":{"start":{"line":191,"column":24},"end":{"line":193,"column":7}},"line":191},"17":{"name":"(anonymous_17)","decl":{"start":{"line":197,"column":2},"end":{"line":197,"column":3}},"loc":{"start":{"line":197,"column":41},"end":{"line":234,"column":3}},"line":197},"18":{"name":"(anonymous_18)","decl":{"start":{"line":208,"column":12},"end":{"line":208,"column":13}},"loc":{"start":{"line":208,"column":24},"end":{"line":232,"column":7}},"line":208},"19":{"name":"(anonymous_19)","decl":{"start":{"line":226,"column":18},"end":{"line":226,"column":19}},"loc":{"start":{"line":226,"column":30},"end":{"line":228,"column":13}},"line":226},"20":{"name":"(anonymous_20)","decl":{"start":{"line":236,"column":2},"end":{"line":236,"column":3}},"loc":{"start":{"line":236,"column":39},"end":{"line":277,"column":5}},"line":236},"21":{"name":"(anonymous_21)","decl":{"start":{"line":245,"column":12},"end":{"line":245,"column":13}},"loc":{"start":{"line":245,"column":24},"end":{"line":261,"column":7}},"line":245},"22":{"name":"(anonymous_22)","decl":{"start":{"line":262,"column":12},"end":{"line":262,"column":13}},"loc":{"start":{"line":262,"column":24},"end":{"line":270,"column":7}},"line":262},"23":{"name":"(anonymous_23)","decl":{"start":{"line":271,"column":13},"end":{"line":271,"column":14}},"loc":{"start":{"line":271,"column":20},"end":{"line":276,"column":7}},"line":271}},"branchMap":{"0":{"loc":{"start":{"line":17,"column":6},"end":{"line":43,"column":7}},"type":"if","locations":[{"start":{"line":17,"column":6},"end":{"line":43,"column":7}},{"start":{"line":17,"column":6},"end":{"line":43,"column":7}}],"line":17},"1":{"loc":{"start":{"line":18,"column":10},"end":{"line":36,"column":11}},"type":"if","locations":[{"start":{"line":18,"column":10},"end":{"line":36,"column":11}},{"start":{"line":18,"column":10},"end":{"line":36,"column":11}}],"line":18},"2":{"loc":{"start":{"line":52,"column":6},"end":{"line":93,"column":7}},"type":"if","locations":[{"start":{"line":52,"column":6},"end":{"line":93,"column":7}},{"start":{"line":52,"column":6},"end":{"line":93,"column":7}}],"line":52},"3":{"loc":{"start":{"line":53,"column":8},"end":{"line":92,"column":67}},"type":"if","locations":[{"start":{"line":53,"column":8},"end":{"line":92,"column":67}},{"start":{"line":53,"column":8},"end":{"line":92,"column":67}}],"line":53},"4":{"loc":{"start":{"line":64,"column":14},"end":{"line":90,"column":15}},"type":"if","locations":[{"start":{"line":64,"column":14},"end":{"line":90,"column":15}},{"start":{"line":64,"column":14},"end":{"line":90,"column":15}}],"line":64},"5":{"loc":{"start":{"line":69,"column":16},"end":{"line":69,"column":62}},"type":"cond-expr","locations":[{"start":{"line":69,"column":32},"end":{"line":69,"column":45}},{"start":{"line":69,"column":48},"end":{"line":69,"column":62}}],"line":69},"6":{"loc":{"start":{"line":149,"column":8},"end":{"line":156,"column":9}},"type":"if","locations":[{"start":{"line":149,"column":8},"end":{"line":156,"column":9}},{"start":{"line":149,"column":8},"end":{"line":156,"column":9}}],"line":149},"7":{"loc":{"start":{"line":224,"column":8},"end":{"line":231,"column":9}},"type":"if","locations":[{"start":{"line":224,"column":8},"end":{"line":231,"column":9}},{"start":{"line":224,"column":8},"end":{"line":231,"column":9}}],"line":224},"8":{"loc":{"start":{"line":246,"column":8},"end":{"line":260,"column":9}},"type":"if","locations":[{"start":{"line":246,"column":8},"end":{"line":260,"column":9}},{"start":{"line":246,"column":8},"end":{"line":260,"column":9}}],"line":246},"9":{"loc":{"start":{"line":263,"column":8},"end":{"line":269,"column":9}},"type":"if","locations":[{"start":{"line":263,"column":8},"end":{"line":269,"column":9}},{"start":{"line":263,"column":8},"end":{"line":269,"column":9}}],"line":263}},"s":{"0":2,"1":2,"2":2,"3":2,"4":2,"5":2,"6":3,"7":3,"8":3,"9":0,"10":0,"11":0,"12":0,"13":0,"14":0,"15":0,"16":3,"17":3,"18":0,"19":0,"20":0,"21":0,"22":0,"23":0,"24":0,"25":0,"26":0,"27":0,"28":0,"29":0,"30":0,"31":0,"32":0,"33":0,"34":0,"35":0,"36":0,"37":0,"38":0,"39":0,"40":0,"41":0,"42":0,"43":0,"44":0,"45":0,"46":0,"47":0,"48":0,"49":0,"50":0,"51":0,"52":0,"53":0,"54":0,"55":0,"56":0,"57":0,"58":0,"59":0,"60":0,"61":0,"62":0,"63":0,"64":0,"65":0,"66":0,"67":0,"68":0,"69":0,"70":0,"71":0,"72":0,"73":0,"74":2},"f":{"0":3,"1":3,"2":0,"3":0,"4":0,"5":0,"6":0,"7":0,"8":0,"9":0,"10":0,"11":0,"12":0,"13":0,"14":0,"15":0,"16":0,"17":0,"18":0,"19":0,"20":0,"21":0,"22":0,"23":0},"b":{"0":[0,3],"1":[0,0],"2":[0,0],"3":[0,0],"4":[0,0],"5":[0,0],"6":[0,0],"7":[0,0],"8":[0,0],"9":[0,0]},"_coverageSchema":"1a1c01bbd47fc00a2c39e90264f33305004495a9","hash":"b162c87e4b1faf16a6069312a0c868b1ad644589"}
,"/home/tamarazu/Documents/Hacktiv8/phase-3/week4/HQR/backend/helpers/bcrypt.js": {"path":"/home/tamarazu/Documents/Hacktiv8/phase-3/week4/HQR/backend/helpers/bcrypt.js","statementMap":{"0":{"start":{"line":1,"column":15},"end":{"line":1,"column":34}},"1":{"start":{"line":4,"column":17},"end":{"line":4,"column":38}},"2":{"start":{"line":5,"column":4},"end":{"line":5,"column":42}},"3":{"start":{"line":9,"column":4},"end":{"line":9,"column":47}},"4":{"start":{"line":12,"column":0},"end":{"line":15,"column":1}}},"fnMap":{"0":{"name":"hashPassword","decl":{"start":{"line":3,"column":9},"end":{"line":3,"column":21}},"loc":{"start":{"line":3,"column":32},"end":{"line":6,"column":1}},"line":3},"1":{"name":"comparePassword","decl":{"start":{"line":8,"column":9},"end":{"line":8,"column":24}},"loc":{"start":{"line":8,"column":43},"end":{"line":10,"column":1}},"line":8}},"branchMap":{},"s":{"0":2,"1":4,"2":4,"3":3,"4":2},"f":{"0":4,"1":3},"b":{},"_coverageSchema":"1a1c01bbd47fc00a2c39e90264f33305004495a9","hash":"311fbb62e34ad05d95ffd8caa8afbaa073b67252"}
,"/home/tamarazu/Documents/Hacktiv8/phase-3/week4/HQR/backend/helpers/jwt.js": {"path":"/home/tamarazu/Documents/Hacktiv8/phase-3/week4/HQR/backend/helpers/jwt.js","statementMap":{"0":{"start":{"line":1,"column":12},"end":{"line":1,"column":35}},"1":{"start":{"line":3,"column":17},"end":{"line":5,"column":1}},"2":{"start":{"line":4,"column":4},"end":{"line":4,"column":48}},"3":{"start":{"line":7,"column":15},"end":{"line":9,"column":1}},"4":{"start":{"line":8,"column":4},"end":{"line":8,"column":48}},"5":{"start":{"line":11,"column":0},"end":{"line":14,"column":1}}},"fnMap":{"0":{"name":"(anonymous_0)","decl":{"start":{"line":3,"column":17},"end":{"line":3,"column":18}},"loc":{"start":{"line":3,"column":30},"end":{"line":5,"column":1}},"line":3},"1":{"name":"(anonymous_1)","decl":{"start":{"line":7,"column":15},"end":{"line":7,"column":16}},"loc":{"start":{"line":7,"column":26},"end":{"line":9,"column":1}},"line":7}},"branchMap":{},"s":{"0":2,"1":2,"2":3,"3":2,"4":11,"5":2},"f":{"0":3,"1":11},"b":{},"_coverageSchema":"1a1c01bbd47fc00a2c39e90264f33305004495a9","hash":"3a9d799e5f1a65491f0fb91b4d925c5043a466ed"}
,"/home/tamarazu/Documents/Hacktiv8/phase-3/week4/HQR/backend/middlewares/authentication.js": {"path":"/home/tamarazu/Documents/Hacktiv8/phase-3/week4/HQR/backend/middlewares/authentication.js","statementMap":{"0":{"start":{"line":1,"column":19},"end":{"line":1,"column":44}},"1":{"start":{"line":2,"column":21},"end":{"line":2,"column":41}},"2":{"start":{"line":3,"column":0},"end":{"line":36,"column":1}},"3":{"start":{"line":4,"column":16},"end":{"line":4,"column":33}},"4":{"start":{"line":5,"column":4},"end":{"line":35,"column":5}},"5":{"start":{"line":6,"column":8},"end":{"line":29,"column":9}},"6":{"start":{"line":7,"column":12},"end":{"line":7,"column":39}},"7":{"start":{"line":8,"column":12},"end":{"line":26,"column":18}},"8":{"start":{"line":14,"column":20},"end":{"line":22,"column":21}},"9":{"start":{"line":15,"column":24},"end":{"line":15,"column":30}},"10":{"start":{"line":16,"column":24},"end":{"line":16,"column":35}},"11":{"start":{"line":18,"column":24},"end":{"line":21,"column":26}},"12":{"start":{"line":25,"column":20},"end":{"line":25,"column":29}},"13":{"start":{"line":28,"column":12},"end":{"line":28,"column":23}},"14":{"start":{"line":31,"column":8},"end":{"line":34,"column":10}}},"fnMap":{"0":{"name":"(anonymous_0)","decl":{"start":{"line":3,"column":17},"end":{"line":3,"column":18}},"loc":{"start":{"line":3,"column":43},"end":{"line":36,"column":1}},"line":3},"1":{"name":"(anonymous_1)","decl":{"start":{"line":13,"column":22},"end":{"line":13,"column":23}},"loc":{"start":{"line":13,"column":34},"end":{"line":23,"column":17}},"line":13},"2":{"name":"(anonymous_2)","decl":{"start":{"line":24,"column":23},"end":{"line":24,"column":24}},"loc":{"start":{"line":24,"column":30},"end":{"line":26,"column":17}},"line":24}},"branchMap":{"0":{"loc":{"start":{"line":5,"column":4},"end":{"line":35,"column":5}},"type":"if","locations":[{"start":{"line":5,"column":4},"end":{"line":35,"column":5}},{"start":{"line":5,"column":4},"end":{"line":35,"column":5}}],"line":5},"1":{"loc":{"start":{"line":14,"column":20},"end":{"line":22,"column":21}},"type":"if","locations":[{"start":{"line":14,"column":20},"end":{"line":22,"column":21}},{"start":{"line":14,"column":20},"end":{"line":22,"column":21}}],"line":14}},"s":{"0":2,"1":2,"2":2,"3":13,"4":13,"5":11,"6":11,"7":11,"8":11,"9":11,"10":11,"11":0,"12":0,"13":0,"14":2},"f":{"0":13,"1":11,"2":0},"b":{"0":[11,2],"1":[11,0]},"_coverageSchema":"1a1c01bbd47fc00a2c39e90264f33305004495a9","hash":"b6734b71b13f457e7b4a59454c5e8a1393a86fd6"}
,"/home/tamarazu/Documents/Hacktiv8/phase-3/week4/HQR/backend/middlewares/errorHandler.js": {"path":"/home/tamarazu/Documents/Hacktiv8/phase-3/week4/HQR/backend/middlewares/errorHandler.js","statementMap":{"0":{"start":{"line":1,"column":0},"end":{"line":18,"column":1}},"1":{"start":{"line":2,"column":4},"end":{"line":17,"column":96}},"2":{"start":{"line":3,"column":8},"end":{"line":3,"column":71}},"3":{"start":{"line":4,"column":11},"end":{"line":17,"column":96}},"4":{"start":{"line":5,"column":21},"end":{"line":5,"column":53}},"5":{"start":{"line":5,"column":42},"end":{"line":5,"column":52}},"6":{"start":{"line":6,"column":8},"end":{"line":9,"column":11}},"7":{"start":{"line":10,"column":11},"end":{"line":17,"column":96}},"8":{"start":{"line":11,"column":21},"end":{"line":11,"column":53}},"9":{"start":{"line":11,"column":42},"end":{"line":11,"column":52}},"10":{"start":{"line":12,"column":8},"end":{"line":15,"column":11}},"11":{"start":{"line":17,"column":9},"end":{"line":17,"column":96}}},"fnMap":{"0":{"name":"(anonymous_0)","decl":{"start":{"line":1,"column":17},"end":{"line":1,"column":18}},"loc":{"start":{"line":1,"column":47},"end":{"line":18,"column":1}},"line":1},"1":{"name":"(anonymous_1)","decl":{"start":{"line":5,"column":36},"end":{"line":5,"column":37}},"loc":{"start":{"line":5,"column":42},"end":{"line":5,"column":52}},"line":5},"2":{"name":"(anonymous_2)","decl":{"start":{"line":11,"column":36},"end":{"line":11,"column":37}},"loc":{"start":{"line":11,"column":42},"end":{"line":11,"column":52}},"line":11}},"branchMap":{"0":{"loc":{"start":{"line":2,"column":4},"end":{"line":17,"column":96}},"type":"if","locations":[{"start":{"line":2,"column":4},"end":{"line":17,"column":96}},{"start":{"line":2,"column":4},"end":{"line":17,"column":96}}],"line":2},"1":{"loc":{"start":{"line":4,"column":11},"end":{"line":17,"column":96}},"type":"if","locations":[{"start":{"line":4,"column":11},"end":{"line":17,"column":96}},{"start":{"line":4,"column":11},"end":{"line":17,"column":96}}],"line":4},"2":{"loc":{"start":{"line":10,"column":11},"end":{"line":17,"column":96}},"type":"if","locations":[{"start":{"line":10,"column":11},"end":{"line":17,"column":96}},{"start":{"line":10,"column":11},"end":{"line":17,"column":96}}],"line":10},"3":{"loc":{"start":{"line":17,"column":20},"end":{"line":17,"column":37}},"type":"binary-expr","locations":[{"start":{"line":17,"column":20},"end":{"line":17,"column":30}},{"start":{"line":17,"column":34},"end":{"line":17,"column":37}}],"line":17},"4":{"loc":{"start":{"line":17,"column":55},"end":{"line":17,"column":93}},"type":"binary-expr","locations":[{"start":{"line":17,"column":55},"end":{"line":17,"column":66}},{"start":{"line":17,"column":70},"end":{"line":17,"column":93}}],"line":17}},"s":{"0":2,"1":10,"2":0,"3":10,"4":2,"5":4,"6":2,"7":8,"8":0,"9":0,"10":0,"11":8},"f":{"0":10,"1":4,"2":0},"b":{"0":[0,10],"1":[2,8],"2":[0,8],"3":[8,0],"4":[8,0]},"_coverageSchema":"1a1c01bbd47fc00a2c39e90264f33305004495a9","hash":"e864967417226330ff4b7b7522e0e0c5008e9dce"}
,"/home/tamarazu/Documents/Hacktiv8/phase-3/week4/HQR/backend/models/absence.js": {"path":"/home/tamarazu/Documents/Hacktiv8/phase-3/week4/HQR/backend/models/absence.js","statementMap":{"0":{"start":{"line":2,"column":0},"end":{"line":23,"column":2}},"1":{"start":{"line":3,"column":18},"end":{"line":18,"column":8}},"2":{"start":{"line":19,"column":2},"end":{"line":21,"column":4}},"3":{"start":{"line":20,"column":4},"end":{"line":20,"column":38}},"4":{"start":{"line":22,"column":2},"end":{"line":22,"column":17}}},"fnMap":{"0":{"name":"(anonymous_0)","decl":{"start":{"line":2,"column":17},"end":{"line":2,"column":18}},"loc":{"start":{"line":2,"column":43},"end":{"line":23,"column":1}},"line":2},"1":{"name":"(anonymous_1)","decl":{"start":{"line":19,"column":22},"end":{"line":19,"column":23}},"loc":{"start":{"line":19,"column":39},"end":{"line":21,"column":3}},"line":19}},"branchMap":{},"s":{"0":2,"1":2,"2":2,"3":2,"4":2},"f":{"0":2,"1":2},"b":{},"_coverageSchema":"1a1c01bbd47fc00a2c39e90264f33305004495a9","hash":"49f30c2177e38294d52a67bcfacc11ab5940c878"}
,"/home/tamarazu/Documents/Hacktiv8/phase-3/week4/HQR/backend/models/employee.js": {"path":"/home/tamarazu/Documents/Hacktiv8/phase-3/week4/HQR/backend/models/employee.js","statementMap":{"0":{"start":{"line":2,"column":25},"end":{"line":2,"column":53}},"1":{"start":{"line":3,"column":0},"end":{"line":170,"column":2}},"2":{"start":{"line":4,"column":16},"end":{"line":4,"column":41}},"3":{"start":{"line":7,"column":2},"end":{"line":162,"column":4}},"4":{"start":{"line":158,"column":8},"end":{"line":158,"column":59}},"5":{"start":{"line":164,"column":2},"end":{"line":167,"column":4}},"6":{"start":{"line":165,"column":4},"end":{"line":165,"column":36}},"7":{"start":{"line":166,"column":4},"end":{"line":166,"column":55}},"8":{"start":{"line":169,"column":2},"end":{"line":169,"column":18}}},"fnMap":{"0":{"name":"(anonymous_0)","decl":{"start":{"line":3,"column":17},"end":{"line":3,"column":18}},"loc":{"start":{"line":3,"column":43},"end":{"line":170,"column":1}},"line":3},"1":{"name":"(anonymous_1)","decl":{"start":{"line":157,"column":20},"end":{"line":157,"column":21}},"loc":{"start":{"line":157,"column":43},"end":{"line":159,"column":7}},"line":157},"2":{"name":"(anonymous_2)","decl":{"start":{"line":164,"column":23},"end":{"line":164,"column":24}},"loc":{"start":{"line":164,"column":40},"end":{"line":167,"column":3}},"line":164}},"branchMap":{},"s":{"0":2,"1":2,"2":2,"3":2,"4":4,"5":2,"6":2,"7":2,"8":2},"f":{"0":2,"1":4,"2":2},"b":{},"_coverageSchema":"1a1c01bbd47fc00a2c39e90264f33305004495a9","hash":"9a9a907d07152f01037cdbf2c75e386dfb756083"}
,"/home/tamarazu/Documents/Hacktiv8/phase-3/week4/HQR/backend/models/index.js": {"path":"/home/tamarazu/Documents/Hacktiv8/phase-3/week4/HQR/backend/models/index.js","statementMap":{"0":{"start":{"line":3,"column":11},"end":{"line":3,"column":24}},"1":{"start":{"line":4,"column":13},"end":{"line":4,"column":28}},"2":{"start":{"line":5,"column":18},"end":{"line":5,"column":38}},"3":{"start":{"line":6,"column":17},"end":{"line":6,"column":42}},"4":{"start":{"line":7,"column":12},"end":{"line":7,"column":49}},"5":{"start":{"line":8,"column":15},"end":{"line":8,"column":65}},"6":{"start":{"line":9,"column":11},"end":{"line":9,"column":13}},"7":{"start":{"line":12,"column":0},"end":{"line":16,"column":1}},"8":{"start":{"line":13,"column":2},"end":{"line":13,"column":74}},"9":{"start":{"line":15,"column":2},"end":{"line":15,"column":87}},"10":{"start":{"line":18,"column":0},"end":{"line":26,"column":5}},"11":{"start":{"line":21,"column":4},"end":{"line":21,"column":90}},"12":{"start":{"line":24,"column":18},"end":{"line":24,"column":65}},"13":{"start":{"line":25,"column":4},"end":{"line":25,"column":27}},"14":{"start":{"line":28,"column":0},"end":{"line":32,"column":3}},"15":{"start":{"line":29,"column":2},"end":{"line":31,"column":3}},"16":{"start":{"line":30,"column":4},"end":{"line":30,"column":32}},"17":{"start":{"line":34,"column":0},"end":{"line":34,"column":25}},"18":{"start":{"line":35,"column":0},"end":{"line":35,"column":25}},"19":{"start":{"line":37,"column":0},"end":{"line":37,"column":20}}},"fnMap":{"0":{"name":"(anonymous_0)","decl":{"start":{"line":20,"column":10},"end":{"line":20,"column":11}},"loc":{"start":{"line":20,"column":18},"end":{"line":22,"column":3}},"line":20},"1":{"name":"(anonymous_1)","decl":{"start":{"line":23,"column":11},"end":{"line":23,"column":12}},"loc":{"start":{"line":23,"column":19},"end":{"line":26,"column":3}},"line":23},"2":{"name":"(anonymous_2)","decl":{"start":{"line":28,"column":24},"end":{"line":28,"column":25}},"loc":{"start":{"line":28,"column":37},"end":{"line":32,"column":1}},"line":28}},"branchMap":{"0":{"loc":{"start":{"line":7,"column":12},"end":{"line":7,"column":49}},"type":"binary-expr","locations":[{"start":{"line":7,"column":12},"end":{"line":7,"column":32}},{"start":{"line":7,"column":36},"end":{"line":7,"column":49}}],"line":7},"1":{"loc":{"start":{"line":12,"column":0},"end":{"line":16,"column":1}},"type":"if","locations":[{"start":{"line":12,"column":0},"end":{"line":16,"column":1}},{"start":{"line":12,"column":0},"end":{"line":16,"column":1}}],"line":12},"2":{"loc":{"start":{"line":21,"column":11},"end":{"line":21,"column":89}},"type":"binary-expr","locations":[{"start":{"line":21,"column":12},"end":{"line":21,"column":35}},{"start":{"line":21,"column":41},"end":{"line":21,"column":58}},{"start":{"line":21,"column":64},"end":{"line":21,"column":88}}],"line":21},"3":{"loc":{"start":{"line":29,"column":2},"end":{"line":31,"column":3}},"type":"if","locations":[{"start":{"line":29,"column":2},"end":{"line":31,"column":3}},{"start":{"line":29,"column":2},"end":{"line":31,"column":3}}],"line":29}},"s":{"0":2,"1":2,"2":2,"3":2,"4":2,"5":2,"6":2,"7":2,"8":0,"9":2,"10":2,"11":10,"12":8,"13":8,"14":2,"15":8,"16":8,"17":2,"18":2,"19":2},"f":{"0":10,"1":8,"2":8},"b":{"0":[2,0],"1":[0,2],"2":[10,10,8],"3":[8,0]},"_coverageSchema":"1a1c01bbd47fc00a2c39e90264f33305004495a9","hash":"9e72bfc38bd407cfb97343e0ec603c5816daa87d"}
,"/home/tamarazu/Documents/Hacktiv8/phase-3/week4/HQR/backend/models/message.js": {"path":"/home/tamarazu/Documents/Hacktiv8/phase-3/week4/HQR/backend/models/message.js","statementMap":{"0":{"start":{"line":2,"column":0},"end":{"line":10,"column":2}},"1":{"start":{"line":3,"column":18},"end":{"line":5,"column":8}},"2":{"start":{"line":6,"column":2},"end":{"line":8,"column":4}},"3":{"start":{"line":9,"column":2},"end":{"line":9,"column":17}}},"fnMap":{"0":{"name":"(anonymous_0)","decl":{"start":{"line":2,"column":17},"end":{"line":2,"column":18}},"loc":{"start":{"line":2,"column":43},"end":{"line":10,"column":1}},"line":2},"1":{"name":"(anonymous_1)","decl":{"start":{"line":6,"column":22},"end":{"line":6,"column":23}},"loc":{"start":{"line":6,"column":39},"end":{"line":8,"column":3}},"line":6}},"branchMap":{},"s":{"0":2,"1":2,"2":2,"3":2},"f":{"0":2,"1":2},"b":{},"_coverageSchema":"1a1c01bbd47fc00a2c39e90264f33305004495a9","hash":"fe0beac9c39cd2e402a148a8176dc8964cc35b5d"}
,"/home/tamarazu/Documents/Hacktiv8/phase-3/week4/HQR/backend/models/paidleave.js": {"path":"/home/tamarazu/Documents/Hacktiv8/phase-3/week4/HQR/backend/models/paidleave.js","statementMap":{"0":{"start":{"line":2,"column":0},"end":{"line":31,"column":2}},"1":{"start":{"line":4,"column":16},"end":{"line":4,"column":41}},"2":{"start":{"line":6,"column":2},"end":{"line":26,"column":4}},"3":{"start":{"line":27,"column":2},"end":{"line":29,"column":4}},"4":{"start":{"line":30,"column":2},"end":{"line":30,"column":19}}},"fnMap":{"0":{"name":"(anonymous_0)","decl":{"start":{"line":2,"column":17},"end":{"line":2,"column":18}},"loc":{"start":{"line":2,"column":43},"end":{"line":31,"column":1}},"line":2},"1":{"name":"(anonymous_1)","decl":{"start":{"line":27,"column":24},"end":{"line":27,"column":25}},"loc":{"start":{"line":27,"column":41},"end":{"line":29,"column":3}},"line":27}},"branchMap":{},"s":{"0":2,"1":2,"2":2,"3":2,"4":2},"f":{"0":2,"1":2},"b":{},"_coverageSchema":"1a1c01bbd47fc00a2c39e90264f33305004495a9","hash":"5ca1b9faa8c5248bf0551106590d6e9b78c8aa90"}
,"/home/tamarazu/Documents/Hacktiv8/phase-3/week4/HQR/backend/routes/admin.js": {"path":"/home/tamarazu/Documents/Hacktiv8/phase-3/week4/HQR/backend/routes/admin.js","statementMap":{"0":{"start":{"line":1,"column":24},"end":{"line":1,"column":65}},"1":{"start":{"line":2,"column":15},"end":{"line":2,"column":42}},"2":{"start":{"line":3,"column":23},"end":{"line":3,"column":63}},"3":{"start":{"line":4,"column":11},"end":{"line":4,"column":24}},"4":{"start":{"line":5,"column":15},"end":{"line":5,"column":32}},"5":{"start":{"line":6,"column":12},"end":{"line":6,"column":30}},"6":{"start":{"line":7,"column":17},"end":{"line":7,"column":37}},"7":{"start":{"line":8,"column":15},"end":{"line":8,"column":32}},"8":{"start":{"line":10,"column":11},"end":{"line":10,"column":23}},"9":{"start":{"line":12,"column":0},"end":{"line":16,"column":2}},"10":{"start":{"line":17,"column":15},"end":{"line":25,"column":2}},"11":{"start":{"line":22,"column":6},"end":{"line":22,"column":66}},"12":{"start":{"line":27,"column":0},"end":{"line":27,"column":44}},"13":{"start":{"line":28,"column":0},"end":{"line":28,"column":75}},"14":{"start":{"line":30,"column":0},"end":{"line":30,"column":26}},"15":{"start":{"line":32,"column":0},"end":{"line":32,"column":45}},"16":{"start":{"line":33,"column":0},"end":{"line":33,"column":59}},"17":{"start":{"line":34,"column":0},"end":{"line":34,"column":48}},"18":{"start":{"line":35,"column":0},"end":{"line":35,"column":53}},"19":{"start":{"line":36,"column":0},"end":{"line":36,"column":59}},"20":{"start":{"line":37,"column":0},"end":{"line":37,"column":62}},"21":{"start":{"line":39,"column":0},"end":{"line":39,"column":23}}},"fnMap":{"0":{"name":"(anonymous_0)","decl":{"start":{"line":21,"column":9},"end":{"line":21,"column":10}},"loc":{"start":{"line":21,"column":28},"end":{"line":23,"column":5}},"line":21}},"branchMap":{},"s":{"0":2,"1":2,"2":2,"3":2,"4":2,"5":2,"6":2,"7":2,"8":2,"9":2,"10":2,"11":0,"12":2,"13":2,"14":2,"15":2,"16":2,"17":2,"18":2,"19":2,"20":2,"21":2},"f":{"0":0},"b":{},"_coverageSchema":"1a1c01bbd47fc00a2c39e90264f33305004495a9","hash":"7525f05f82518c9395d7edd8c36ee65f538f066a"}
,"/home/tamarazu/Documents/Hacktiv8/phase-3/week4/HQR/backend/routes/employee.js": {"path":"/home/tamarazu/Documents/Hacktiv8/phase-3/week4/HQR/backend/routes/employee.js","statementMap":{"0":{"start":{"line":1,"column":15},"end":{"line":1,"column":42}},"1":{"start":{"line":2,"column":27},"end":{"line":2,"column":71}},"2":{"start":{"line":3,"column":23},"end":{"line":3,"column":63}},"3":{"start":{"line":5,"column":0},"end":{"line":5,"column":47}},"4":{"start":{"line":6,"column":0},"end":{"line":6,"column":53}},"5":{"start":{"line":7,"column":0},"end":{"line":7,"column":62}},"6":{"start":{"line":10,"column":0},"end":{"line":10,"column":26}},"7":{"start":{"line":12,"column":0},"end":{"line":12,"column":49}},"8":{"start":{"line":13,"column":0},"end":{"line":13,"column":54}},"9":{"start":{"line":14,"column":0},"end":{"line":14,"column":62}},"10":{"start":{"line":15,"column":0},"end":{"line":15,"column":64}},"11":{"start":{"line":16,"column":0},"end":{"line":16,"column":71}},"12":{"start":{"line":17,"column":0},"end":{"line":17,"column":23}}},"fnMap":{},"branchMap":{},"s":{"0":2,"1":2,"2":2,"3":2,"4":2,"5":2,"6":2,"7":2,"8":2,"9":2,"10":2,"11":2,"12":2},"f":{},"b":{},"_coverageSchema":"1a1c01bbd47fc00a2c39e90264f33305004495a9","hash":"edc69186a377e9f2309fa1ce01b67a2b9d8eb78b"}
,"/home/tamarazu/Documents/Hacktiv8/phase-3/week4/HQR/backend/routes/index.js": {"path":"/home/tamarazu/Documents/Hacktiv8/phase-3/week4/HQR/backend/routes/index.js","statementMap":{"0":{"start":{"line":1,"column":15},"end":{"line":1,"column":42}},"1":{"start":{"line":3,"column":20},"end":{"line":3,"column":38}},"2":{"start":{"line":4,"column":23},"end":{"line":4,"column":44}},"3":{"start":{"line":6,"column":0},"end":{"line":6,"column":33}},"4":{"start":{"line":7,"column":0},"end":{"line":7,"column":39}},"5":{"start":{"line":9,"column":0},"end":{"line":9,"column":23}}},"fnMap":{},"branchMap":{},"s":{"0":2,"1":2,"2":2,"3":2,"4":2,"5":2},"f":{},"b":{},"_coverageSchema":"1a1c01bbd47fc00a2c39e90264f33305004495a9","hash":"be08ce523e824c8e38699fcfc797f82da8d4784b"}
}
