TN:
SF:app.js
FNF:0
FNH:0
DA:1,2
DA:2,2
DA:3,2
DA:4,2
DA:5,2
DA:7,2
DA:9,2
DA:10,2
DA:11,2
DA:13,2
DA:14,2
DA:17,2
LF:12
LH:12
BRF:0
BRH:0
end_of_record
TN:
SF:bin/http.js
FN:5,(anonymous_0)
FNF:1
FNH:1
FNDA:2,(anonymous_0)
DA:1,2
DA:2,2
DA:3,2
DA:4,2
DA:5,2
DA:7,2
LF:6
LH:6
BRF:0
BRH:0
end_of_record
TN:
SF:controllers/AdminController.js
FN:8,(anonymous_0)
FN:15,(anonymous_1)
FN:49,(anonymous_2)
FN:54,(anonymous_3)
FN:58,(anonymous_4)
FN:65,(anonymous_5)
FN:71,(anonymous_6)
FN:81,(anonymous_7)
FN:88,(anonymous_8)
FN:99,(anonymous_9)
FN:109,(anonymous_10)
FN:117,(anonymous_11)
FN:124,(anonymous_12)
FN:136,(anonymous_13)
FN:142,(anonymous_14)
FN:150,(anonymous_15)
FN:166,(anonymous_16)
FN:182,(anonymous_17)
FNF:18
FNH:17
FNDA:5,(anonymous_0)
FNDA:4,(anonymous_1)
FNDA:1,(anonymous_2)
FNDA:1,(anonymous_3)
FNDA:1,(anonymous_4)
FNDA:3,(anonymous_5)
FNDA:1,(anonymous_6)
FNDA:3,(anonymous_7)
FNDA:2,(anonymous_8)
FNDA:1,(anonymous_9)
FNDA:1,(anonymous_10)
FNDA:2,(anonymous_11)
FNDA:2,(anonymous_12)
FNDA:2,(anonymous_13)
FNDA:1,(anonymous_14)
FNDA:1,(anonymous_15)
FNDA:1,(anonymous_16)
FNDA:0,(anonymous_17)
DA:1,2
DA:2,2
DA:3,2
DA:4,2
DA:5,2
DA:6,2
DA:9,5
DA:10,5
DA:16,4
DA:17,3
DA:18,2
DA:19,1
DA:25,1
DA:26,1
DA:31,1
DA:37,1
DA:43,1
DA:50,1
DA:55,1
DA:59,1
DA:66,3
DA:67,3
DA:68,3
DA:72,1
DA:76,1
DA:82,3
DA:83,3
DA:89,2
DA:90,1
DA:100,1
DA:103,1
DA:110,1
DA:119,2
DA:125,2
DA:126,1
DA:127,1
DA:133,1
DA:137,2
DA:143,1
DA:146,1
DA:147,1
DA:151,1
DA:152,1
DA:167,1
DA:178,1
DA:183,0
DA:187,2
LF:47
LH:46
BRDA:16,0,0,3
BRDA:16,0,1,1
BRDA:17,1,0,2
BRDA:17,1,1,1
BRDA:18,2,0,1
BRDA:18,2,1,1
BRDA:89,3,0,1
BRDA:89,3,1,1
BRDA:125,4,0,1
BRDA:125,4,1,1
BRF:10
BRH:10
end_of_record
TN:
SF:controllers/EmployeeController.js
FN:9,(anonymous_0)
FN:16,(anonymous_1)
FN:46,(anonymous_2)
FN:61,(anonymous_3)
FN:78,(anonymous_4)
FN:85,(anonymous_5)
FN:108,(anonymous_6)
FN:117,(anonymous_7)
FN:123,(anonymous_8)
FN:132,(anonymous_9)
FN:138,(anonymous_10)
FN:146,(anonymous_11)
FN:156,(anonymous_12)
FN:164,(anonymous_13)
FN:180,(anonymous_14)
FN:196,(anonymous_15)
FN:202,(anonymous_16)
FN:208,(anonymous_17)
FN:219,(anonymous_18)
FN:237,(anonymous_19)
FN:247,(anonymous_20)
FN:256,(anonymous_21)
FN:273,(anonymous_22)
FNF:23
FNH:23
FNDA:3,(anonymous_0)
FNDA:3,(anonymous_1)
FNDA:3,(anonymous_2)
FNDA:2,(anonymous_3)
FNDA:1,(anonymous_4)
FNDA:1,(anonymous_5)
FNDA:1,(anonymous_6)
FNDA:1,(anonymous_7)
FNDA:2,(anonymous_8)
FNDA:2,(anonymous_9)
FNDA:3,(anonymous_10)
FNDA:2,(anonymous_11)
FNDA:1,(anonymous_12)
FNDA:1,(anonymous_13)
FNDA:1,(anonymous_14)
FNDA:1,(anonymous_15)
FNDA:1,(anonymous_16)
FNDA:2,(anonymous_17)
FNDA:2,(anonymous_18)
FNDA:1,(anonymous_19)
FNDA:3,(anonymous_20)
FNDA:3,(anonymous_21)
FNDA:3,(anonymous_22)
DA:1,2
DA:2,2
DA:3,2
DA:4,2
DA:5,2
DA:6,2
DA:10,3
DA:11,3
DA:17,3
DA:18,2
DA:19,1
DA:20,1
DA:25,1
DA:26,1
DA:31,1
DA:37,1
DA:47,3
DA:48,3
DA:49,3
DA:50,3
DA:51,3
DA:52,2
DA:62,2
DA:64,1
DA:65,1
DA:66,1
DA:67,1
DA:68,1
DA:79,1
DA:82,1
DA:86,1
DA:90,1
DA:109,1
DA:110,1
DA:118,1
DA:124,2
DA:133,2
DA:139,3
DA:140,3
DA:147,2
DA:148,1
DA:150,1
DA:157,1
DA:165,1
DA:166,1
DA:181,1
DA:192,1
DA:197,1
DA:203,1
DA:209,2
DA:210,2
DA:220,2
DA:221,2
DA:222,2
DA:223,2
DA:224,2
DA:225,8
DA:232,8
DA:233,8
DA:235,2
DA:236,1
DA:238,1
DA:241,1
DA:248,3
DA:249,3
DA:250,3
DA:257,3
DA:258,1
DA:267,2
DA:274,3
DA:276,2
DA:286,2
LF:72
LH:72
BRDA:17,0,0,2
BRDA:17,0,1,1
BRDA:18,1,0,1
BRDA:18,1,1,1
BRDA:50,2,0,3
BRDA:50,2,1,0
BRDA:51,3,0,2
BRDA:51,3,1,1
BRDA:62,4,0,1
BRDA:62,4,1,1
BRDA:67,5,0,0
BRDA:67,5,1,1
BRDA:147,6,0,1
BRDA:147,6,1,1
BRDA:235,7,0,1
BRDA:235,7,1,1
BRDA:257,8,0,1
BRDA:257,8,1,2
BRDA:274,9,0,1
BRDA:274,9,1,2
BRF:20
BRH:18
end_of_record
TN:
SF:controllers/MessageController.js
FN:4,(anonymous_0)
FN:7,(anonymous_1)
FN:12,(anonymous_2)
FN:17,(anonymous_3)
FN:22,(anonymous_4)
FN:31,(anonymous_5)
FN:43,(anonymous_6)
FN:48,(anonymous_7)
FN:55,(anonymous_8)
FN:66,(anonymous_9)
FNF:10
FNH:10
FNDA:1,(anonymous_0)
FNDA:1,(anonymous_1)
FNDA:1,(anonymous_2)
FNDA:1,(anonymous_3)
FNDA:2,(anonymous_4)
FNDA:2,(anonymous_5)
FNDA:2,(anonymous_6)
FNDA:2,(anonymous_7)
FNDA:2,(anonymous_8)
FNDA:2,(anonymous_9)
DA:1,2
DA:5,1
DA:6,1
DA:8,1
DA:13,1
DA:18,1
DA:23,2
DA:24,2
DA:25,2
DA:32,2
DA:33,1
DA:40,1
DA:44,2
DA:49,2
DA:56,2
DA:57,1
DA:63,1
DA:67,2
DA:73,2
LF:19
LH:19
BRDA:32,0,0,1
BRDA:32,0,1,1
BRDA:44,1,0,1
BRDA:44,1,1,1
BRDA:56,2,0,1
BRDA:56,2,1,1
BRF:6
BRH:6
end_of_record
TN:
SF:helpers/bcrypt.js
FN:3,hashPassword
FN:8,comparePassword
FNF:2
FNH:2
FNDA:9,hashPassword
FNDA:6,comparePassword
DA:1,2
DA:4,9
DA:5,9
DA:9,6
DA:12,2
LF:5
LH:5
BRF:0
BRH:0
end_of_record
TN:
SF:helpers/email.js
FNF:0
FNH:0
DA:1,2
DA:2,2
DA:15,2
LF:3
LH:3
BRF:0
BRH:0
end_of_record
TN:
SF:helpers/jwt.js
FN:3,(anonymous_0)
FN:7,(anonymous_1)
FNF:2
FNH:2
FNDA:8,(anonymous_0)
FNDA:32,(anonymous_1)
DA:1,2
DA:3,2
DA:4,8
DA:7,2
DA:8,32
DA:11,2
LF:6
LH:6
BRF:0
BRH:0
end_of_record
TN:
SF:middlewares/authentication.js
FN:3,(anonymous_0)
FN:13,(anonymous_1)
FN:24,(anonymous_2)
FNF:3
FNH:2
FNDA:31,(anonymous_0)
FNDA:29,(anonymous_1)
FNDA:0,(anonymous_2)
DA:1,2
DA:2,2
DA:3,2
DA:4,31
DA:5,31
DA:6,29
DA:7,29
DA:8,29
DA:14,29
DA:15,29
DA:16,29
DA:18,0
DA:25,0
DA:28,0
DA:31,2
LF:15
LH:12
BRDA:5,0,0,29
BRDA:5,0,1,2
BRDA:14,1,0,29
BRDA:14,1,1,0
BRF:4
BRH:3
end_of_record
TN:
SF:middlewares/errorHandler.js
FN:1,(anonymous_0)
FN:5,(anonymous_1)
FN:11,(anonymous_2)
FNF:3
FNH:2
FNDA:18,(anonymous_0)
FNDA:4,(anonymous_1)
FNDA:0,(anonymous_2)
DA:1,2
DA:2,18
DA:3,0
DA:4,18
DA:5,4
DA:6,2
DA:10,16
DA:11,0
DA:12,0
DA:17,16
LF:10
LH:7
BRDA:2,0,0,0
BRDA:2,0,1,18
BRDA:4,1,0,2
BRDA:4,1,1,16
BRDA:10,2,0,0
BRDA:10,2,1,16
BRDA:17,3,0,16
BRDA:17,3,1,1
BRDA:17,4,0,16
BRDA:17,4,1,0
BRF:10
BRH:7
end_of_record
TN:
SF:models/absence.js
FN:2,(anonymous_0)
FN:19,(anonymous_1)
FNF:2
FNH:2
FNDA:2,(anonymous_0)
FNDA:2,(anonymous_1)
DA:2,2
DA:3,2
DA:19,2
DA:20,2
DA:22,2
LF:5
LH:5
BRF:0
BRH:0
end_of_record
TN:
SF:models/employee.js
FN:5,(anonymous_0)
FN:159,(anonymous_1)
FN:163,(anonymous_2)
FN:166,(anonymous_3)
FN:193,(anonymous_4)
FN:201,(anonymous_5)
FNF:6
FNH:5
FNDA:2,(anonymous_0)
FNDA:5,(anonymous_1)
FNDA:1,(anonymous_2)
FNDA:5,(anonymous_3)
FNDA:0,(anonymous_4)
FNDA:2,(anonymous_5)
DA:2,2
DA:3,2
DA:5,2
DA:6,2
DA:9,2
DA:160,5
DA:161,5
DA:164,1
DA:167,5
DA:193,5
DA:194,0
DA:201,2
DA:202,2
DA:203,2
DA:206,2
LF:15
LH:14
BRDA:194,0,0,0
BRDA:194,0,1,0
BRF:2
BRH:0
end_of_record
TN:
SF:models/index.js
FN:20,(anonymous_0)
FN:23,(anonymous_1)
FN:28,(anonymous_2)
FNF:3
FNH:3
FNDA:10,(anonymous_0)
FNDA:8,(anonymous_1)
FNDA:8,(anonymous_2)
DA:3,2
DA:4,2
DA:5,2
DA:6,2
DA:7,2
DA:8,2
DA:9,2
DA:12,2
DA:13,0
DA:15,2
DA:18,2
DA:21,10
DA:24,8
DA:25,8
DA:28,2
DA:29,8
DA:30,8
DA:34,2
DA:35,2
DA:37,2
LF:20
LH:19
BRDA:7,0,0,2
BRDA:7,0,1,0
BRDA:12,1,0,0
BRDA:12,1,1,2
BRDA:21,2,0,10
BRDA:21,2,1,10
BRDA:21,2,2,8
BRDA:29,3,0,8
BRDA:29,3,1,0
BRF:9
BRH:6
end_of_record
TN:
SF:models/message.js
FN:2,(anonymous_0)
FN:10,(anonymous_1)
FNF:2
FNH:2
FNDA:2,(anonymous_0)
FNDA:2,(anonymous_1)
DA:2,2
DA:3,2
DA:5,2
DA:10,2
DA:13,2
LF:5
LH:5
BRF:0
BRH:0
end_of_record
TN:
SF:models/paidleave.js
FN:2,(anonymous_0)
FN:62,(anonymous_1)
FNF:2
FNH:2
FNDA:2,(anonymous_0)
FNDA:2,(anonymous_1)
DA:2,2
DA:4,2
DA:6,2
DA:62,2
DA:65,2
LF:5
LH:5
BRF:0
BRH:0
end_of_record
TN:
SF:routes/admin.js
FN:21,(anonymous_0)
FNF:1
FNH:0
FNDA:0,(anonymous_0)
DA:1,2
DA:2,2
DA:3,2
DA:4,2
DA:5,2
DA:6,2
DA:7,2
DA:8,2
DA:10,2
DA:12,2
DA:17,2
DA:22,0
DA:27,2
DA:28,2
DA:30,2
DA:32,2
DA:34,2
DA:35,2
DA:36,2
DA:37,2
DA:39,2
DA:41,2
DA:42,2
DA:43,2
DA:44,2
DA:46,2
LF:26
LH:25
BRF:0
BRH:0
end_of_record
TN:
SF:routes/employee.js
FNF:0
FNH:0
DA:1,2
DA:2,2
DA:3,2
DA:5,2
DA:7,2
DA:8,2
DA:9,2
DA:12,2
DA:14,2
DA:16,2
DA:18,2
DA:20,2
DA:21,2
DA:22,2
DA:24,2
DA:25,2
LF:16
LH:16
BRF:0
BRH:0
end_of_record
TN:
SF:routes/index.js
FNF:0
FNH:0
DA:1,2
DA:3,2
DA:4,2
DA:6,2
DA:7,2
DA:9,2
LF:6
LH:6
BRF:0
BRH:0
end_of_record
