TN:
SF:app.js
FNF:0
FNH:0
DA:1,2
DA:2,2
DA:3,2
DA:4,2
DA:5,2
DA:7,2
DA:9,2
DA:10,2
DA:11,2
DA:13,2
DA:14,2
DA:17,2
LF:12
LH:12
BRF:0
BRH:0
end_of_record
TN:
SF:bin/http.js
FN:5,(anonymous_0)
FNF:1
FNH:1
FNDA:2,(anonymous_0)
DA:1,2
DA:2,2
DA:3,2
DA:4,2
DA:5,2
DA:7,2
LF:6
LH:6
BRF:0
BRH:0
end_of_record
TN:
SF:controllers/AdminController.js
FN:8,(anonymous_0)
FN:15,(anonymous_1)
FN:49,(anonymous_2)
FN:54,(anonymous_3)
FN:58,(anonymous_4)
FN:65,(anonymous_5)
FN:71,(anonymous_6)
FN:81,(anonymous_7)
FN:92,(anonymous_8)
FN:106,(anonymous_9)
FN:114,(anonymous_10)
FN:121,(anonymous_11)
FN:131,(anonymous_12)
FN:138,(anonymous_13)
FN:146,(anonymous_14)
FN:162,(anonymous_15)
FN:164,(anonymous_16)
FN:165,(anonymous_17)
FN:178,(anonymous_18)
FNF:19
FNH:14
FNDA:5,(anonymous_0)
FNDA:4,(anonymous_1)
FNDA:1,(anonymous_2)
FNDA:1,(anonymous_3)
FNDA:1,(anonymous_4)
FNDA:3,(anonymous_5)
FNDA:1,(anonymous_6)
FNDA:3,(anonymous_7)
FNDA:2,(anonymous_8)
FNDA:1,(anonymous_9)
FNDA:1,(anonymous_10)
FNDA:1,(anonymous_11)
FNDA:1,(anonymous_12)
FNDA:1,(anonymous_13)
FNDA:0,(anonymous_14)
FNDA:0,(anonymous_15)
FNDA:0,(anonymous_16)
FNDA:0,(anonymous_17)
FNDA:0,(anonymous_18)
DA:1,2
DA:2,2
DA:3,2
DA:4,2
DA:5,2
DA:6,2
DA:9,5
DA:10,5
DA:16,4
DA:17,3
DA:18,2
DA:19,1
DA:25,1
DA:26,1
DA:31,1
DA:37,1
DA:43,1
DA:50,1
DA:55,1
DA:59,1
DA:66,3
DA:67,3
DA:68,3
DA:72,1
DA:76,1
DA:82,3
DA:83,3
DA:93,2
DA:94,2
DA:96,2
DA:107,1
DA:116,1
DA:122,1
DA:123,1
DA:124,1
DA:132,1
DA:133,0
DA:139,1
DA:142,1
DA:143,1
DA:147,0
DA:148,0
DA:163,0
DA:164,0
DA:165,0
DA:166,0
DA:167,0
DA:169,0
DA:174,0
DA:179,0
DA:183,2
LF:51
LH:40
BRDA:16,0,0,3
BRDA:16,0,1,1
BRDA:17,1,0,2
BRDA:17,1,1,1
BRDA:18,2,0,1
BRDA:18,2,1,1
BRDA:96,3,0,2
BRDA:96,3,1,0
BRDA:122,4,0,1
BRDA:122,4,1,0
BRDA:132,5,0,1
BRDA:132,5,1,0
BRDA:166,6,0,0
BRDA:166,6,1,0
BRF:14
BRH:9
end_of_record
TN:
SF:controllers/EmployeeController.js
FN:9,(anonymous_0)
FN:16,(anonymous_1)
FN:46,(anonymous_2)
FN:61,(anonymous_3)
FN:78,(anonymous_4)
FN:85,(anonymous_5)
FN:108,(anonymous_6)
FN:117,(anonymous_7)
FN:123,(anonymous_8)
FN:132,(anonymous_9)
FN:138,(anonymous_10)
FN:146,(anonymous_11)
FN:156,(anonymous_12)
FN:165,(anonymous_13)
FN:181,(anonymous_14)
FN:183,(anonymous_15)
FN:184,(anonymous_16)
FN:210,(anonymous_17)
FN:221,(anonymous_18)
FN:239,(anonymous_19)
FN:249,(anonymous_20)
FN:258,(anonymous_21)
FN:275,(anonymous_22)
FNF:23
FNH:21
FNDA:3,(anonymous_0)
FNDA:3,(anonymous_1)
FNDA:3,(anonymous_2)
FNDA:2,(anonymous_3)
FNDA:1,(anonymous_4)
FNDA:1,(anonymous_5)
FNDA:1,(anonymous_6)
FNDA:1,(anonymous_7)
FNDA:2,(anonymous_8)
FNDA:2,(anonymous_9)
FNDA:3,(anonymous_10)
FNDA:2,(anonymous_11)
FNDA:1,(anonymous_12)
FNDA:1,(anonymous_13)
FNDA:1,(anonymous_14)
FNDA:0,(anonymous_15)
FNDA:0,(anonymous_16)
FNDA:2,(anonymous_17)
FNDA:2,(anonymous_18)
FNDA:1,(anonymous_19)
FNDA:3,(anonymous_20)
FNDA:3,(anonymous_21)
FNDA:3,(anonymous_22)
DA:1,2
DA:2,2
DA:3,2
DA:4,2
DA:5,2
DA:6,2
DA:10,3
DA:11,3
DA:17,3
DA:18,2
DA:19,1
DA:20,1
DA:25,1
DA:26,1
DA:31,1
DA:37,1
DA:47,3
DA:48,3
DA:49,3
DA:50,3
DA:51,3
DA:52,2
DA:62,2
DA:64,1
DA:65,1
DA:66,1
DA:67,1
DA:68,1
DA:79,1
DA:82,1
DA:86,1
DA:90,1
DA:109,1
DA:110,1
DA:118,1
DA:124,2
DA:133,2
DA:139,3
DA:140,3
DA:147,2
DA:148,1
DA:150,1
DA:157,1
DA:166,1
DA:167,1
DA:182,1
DA:183,1
DA:184,0
DA:185,0
DA:186,0
DA:188,0
DA:193,1
DA:211,2
DA:212,2
DA:222,2
DA:223,2
DA:224,2
DA:225,2
DA:226,2
DA:227,8
DA:234,8
DA:235,8
DA:237,2
DA:238,1
DA:240,1
DA:243,1
DA:250,3
DA:251,3
DA:252,3
DA:259,3
DA:260,1
DA:269,2
DA:276,3
DA:278,2
DA:288,2
LF:75
LH:71
BRDA:17,0,0,2
BRDA:17,0,1,1
BRDA:18,1,0,1
BRDA:18,1,1,1
BRDA:50,2,0,3
BRDA:50,2,1,0
BRDA:51,3,0,2
BRDA:51,3,1,1
BRDA:62,4,0,1
BRDA:62,4,1,1
BRDA:67,5,0,0
BRDA:67,5,1,1
BRDA:147,6,0,1
BRDA:147,6,1,1
BRDA:185,7,0,0
BRDA:185,7,1,0
BRDA:237,8,0,1
BRDA:237,8,1,1
BRDA:259,9,0,1
BRDA:259,9,1,2
BRDA:276,10,0,1
BRDA:276,10,1,2
BRF:22
BRH:18
end_of_record
TN:
SF:controllers/MessageController.js
FN:4,(anonymous_0)
FN:7,(anonymous_1)
FN:12,(anonymous_2)
FN:17,(anonymous_3)
FN:22,(anonymous_4)
FN:30,(anonymous_5)
FN:36,(anonymous_6)
FN:42,(anonymous_7)
FNF:8
FNH:0
FNDA:0,(anonymous_0)
FNDA:0,(anonymous_1)
FNDA:0,(anonymous_2)
FNDA:0,(anonymous_3)
FNDA:0,(anonymous_4)
FNDA:0,(anonymous_5)
FNDA:0,(anonymous_6)
FNDA:0,(anonymous_7)
DA:1,2
DA:5,0
DA:6,0
DA:8,0
DA:13,0
DA:18,0
DA:23,0
DA:24,0
DA:31,0
DA:32,0
DA:37,0
DA:43,0
DA:44,0
DA:50,2
LF:14
LH:2
BRDA:31,0,0,0
BRDA:31,0,1,0
BRDA:43,1,0,0
BRDA:43,1,1,0
BRF:4
BRH:0
end_of_record
TN:
SF:helpers/bcrypt.js
FN:3,hashPassword
FN:8,comparePassword
FNF:2
FNH:2
FNDA:8,hashPassword
FNDA:6,comparePassword
DA:1,2
DA:4,8
DA:5,8
DA:9,6
DA:12,2
LF:5
LH:5
BRF:0
BRH:0
end_of_record
TN:
SF:helpers/jwt.js
FN:3,(anonymous_0)
FN:7,(anonymous_1)
FNF:2
FNH:2
FNDA:8,(anonymous_0)
FNDA:24,(anonymous_1)
DA:1,2
DA:3,2
DA:4,8
DA:7,2
DA:8,24
DA:11,2
LF:6
LH:6
BRF:0
BRH:0
end_of_record
TN:
SF:middlewares/authentication.js
FN:3,(anonymous_0)
FN:13,(anonymous_1)
FN:24,(anonymous_2)
FNF:3
FNH:2
FNDA:23,(anonymous_0)
FNDA:21,(anonymous_1)
FNDA:0,(anonymous_2)
DA:1,2
DA:2,2
DA:3,2
DA:4,23
DA:5,23
DA:6,21
DA:7,21
DA:8,21
DA:14,21
DA:15,21
DA:16,21
DA:18,0
DA:25,0
DA:28,0
DA:31,2
LF:15
LH:12
BRDA:5,0,0,21
BRDA:5,0,1,2
BRDA:14,1,0,21
BRDA:14,1,1,0
BRF:4
BRH:3
end_of_record
TN:
SF:middlewares/errorHandler.js
FN:1,(anonymous_0)
FN:5,(anonymous_1)
FN:11,(anonymous_2)
FNF:3
FNH:2
FNDA:15,(anonymous_0)
FNDA:4,(anonymous_1)
FNDA:0,(anonymous_2)
DA:1,2
DA:2,15
DA:3,0
DA:4,15
DA:5,4
DA:6,2
DA:10,13
DA:11,0
DA:12,0
DA:17,13
LF:10
LH:7
BRDA:2,0,0,0
BRDA:2,0,1,15
BRDA:4,1,0,2
BRDA:4,1,1,13
BRDA:10,2,0,0
BRDA:10,2,1,13
BRDA:17,3,0,13
BRDA:17,3,1,1
BRDA:17,4,0,13
BRDA:17,4,1,0
BRF:10
BRH:7
end_of_record
TN:
SF:models/absence.js
FN:2,(anonymous_0)
FN:19,(anonymous_1)
FNF:2
FNH:2
FNDA:2,(anonymous_0)
FNDA:2,(anonymous_1)
DA:2,2
DA:3,2
DA:19,2
DA:20,2
DA:22,2
LF:5
LH:5
BRF:0
BRH:0
end_of_record
TN:
SF:models/employee.js
FN:3,(anonymous_0)
FN:157,(anonymous_1)
FN:164,(anonymous_2)
FNF:3
FNH:3
FNDA:2,(anonymous_0)
FNDA:5,(anonymous_1)
FNDA:2,(anonymous_2)
DA:2,2
DA:3,2
DA:4,2
DA:7,2
DA:158,5
DA:164,2
DA:165,2
DA:166,2
DA:169,2
LF:9
LH:9
BRF:0
BRH:0
end_of_record
TN:
SF:models/index.js
FN:20,(anonymous_0)
FN:23,(anonymous_1)
FN:28,(anonymous_2)
FNF:3
FNH:3
FNDA:10,(anonymous_0)
FNDA:8,(anonymous_1)
FNDA:8,(anonymous_2)
DA:3,2
DA:4,2
DA:5,2
DA:6,2
DA:7,2
DA:8,2
DA:9,2
DA:12,2
DA:13,0
DA:15,2
DA:18,2
DA:21,10
DA:24,8
DA:25,8
DA:28,2
DA:29,8
DA:30,8
DA:34,2
DA:35,2
DA:37,2
LF:20
LH:19
BRDA:7,0,0,2
BRDA:7,0,1,0
BRDA:12,1,0,0
BRDA:12,1,1,2
BRDA:21,2,0,10
BRDA:21,2,1,10
BRDA:21,2,2,8
BRDA:29,3,0,8
BRDA:29,3,1,0
BRF:9
BRH:6
end_of_record
TN:
SF:models/message.js
FN:2,(anonymous_0)
FN:10,(anonymous_1)
FNF:2
FNH:2
FNDA:2,(anonymous_0)
FNDA:2,(anonymous_1)
DA:2,2
DA:3,2
DA:5,2
DA:10,2
DA:13,2
LF:5
LH:5
BRF:0
BRH:0
end_of_record
TN:
SF:models/paidleave.js
FN:2,(anonymous_0)
FN:62,(anonymous_1)
FNF:2
FNH:2
FNDA:2,(anonymous_0)
FNDA:2,(anonymous_1)
DA:2,2
DA:4,2
DA:6,2
DA:62,2
DA:65,2
LF:5
LH:5
BRF:0
BRH:0
end_of_record
TN:
SF:routes/admin.js
FN:21,(anonymous_0)
FNF:1
FNH:0
FNDA:0,(anonymous_0)
DA:1,2
DA:2,2
DA:3,2
DA:4,2
DA:5,2
DA:6,2
DA:7,2
DA:8,2
DA:10,2
DA:12,2
DA:17,2
DA:22,0
DA:27,2
DA:28,2
DA:30,2
DA:32,2
DA:34,2
DA:35,2
DA:36,2
DA:37,2
DA:39,2
DA:41,2
DA:42,2
DA:43,2
DA:44,2
DA:46,2
LF:26
LH:25
BRF:0
BRH:0
end_of_record
TN:
SF:routes/employee.js
FNF:0
FNH:0
DA:1,2
DA:2,2
DA:3,2
DA:5,2
DA:7,2
DA:8,2
DA:9,2
DA:12,2
DA:14,2
DA:16,2
DA:18,2
DA:20,2
DA:21,2
DA:23,2
DA:24,2
LF:15
LH:15
BRF:0
BRH:0
end_of_record
TN:
SF:routes/index.js
FNF:0
FNH:0
DA:1,2
DA:3,2
DA:4,2
DA:6,2
DA:7,2
DA:9,2
LF:6
LH:6
BRF:0
BRH:0
end_of_record
